2025-09-09 20:14:47,536 - INFO - Starting Trading Strategy Analysis Tool
2025-09-09 20:15:00,525 - INFO - Reading CSV file: C:\Users\Kcrow\OneDrive\Documents\SPY Buy Sell Strategy Analysis\SPY Price History.csv
2025-09-09 20:15:00,534 - INFO - Read data with shape: (6456, 2)
2025-09-09 20:15:00,538 - INFO - Price column cleaned: [145.44, 139.75, 140.0, 137.75, 145.75]
2025-09-09 20:15:00,547 - INFO - Date conversion successful with day/month/year format
2025-09-09 20:15:00,548 - INFO - Data sorted by date. Range: 2000-01-03 00:00:00 to 2025-09-03 00:00:00
2025-09-09 20:16:34,902 - INFO - Starting Trading Strategy Analysis Tool
2025-09-09 20:16:40,175 - INFO - Reading CSV file: C:\Users\Kcrow\OneDrive\Documents\SPY Buy Sell Strategy Analysis\SPY Price History.csv
2025-09-09 20:16:40,185 - INFO - Read data with shape: (6456, 2)
2025-09-09 20:16:40,188 - INFO - Price column cleaned: [145.44, 139.75, 140.0, 137.75, 145.75]
2025-09-09 20:16:40,198 - INFO - Date conversion successful with day/month/year format
2025-09-09 20:16:40,199 - INFO - Data sorted by date. Range: 2000-01-03 00:00:00 to 2025-09-03 00:00:00
2025-09-09 20:39:10,671 - INFO - Starting Trading Strategy Analysis Tool
2025-09-09 20:39:12,865 - INFO - Reading CSV file: C:\Users\Kcrow\OneDrive\Documents\SPY Buy Sell Strategy Analysis\SPY Price History.csv
2025-09-09 20:39:12,874 - INFO - Read data with shape: (6456, 2)
2025-09-09 20:39:12,878 - INFO - Price column cleaned: [145.44, 139.75, 140.0, 137.75, 145.75]
2025-09-09 20:39:12,891 - INFO - Date conversion successful with day/month/year format
2025-09-09 20:39:12,892 - INFO - Data sorted by date. Range: 2000-01-03 00:00:00 to 2025-09-03 00:00:00
2025-09-09 20:42:32,449 - INFO - Optimized slope calculation took: 0.14 seconds
2025-09-09 20:42:36,607 - INFO - Optimized slope calculation took: 0.12 seconds
2025-09-09 20:42:39,399 - INFO - Optimized slope calculation took: 0.13 seconds
2025-09-09 20:42:45,484 - INFO - Optimized slope calculation took: 0.13 seconds
2025-09-09 20:42:47,866 - INFO - Optimized slope calculation took: 0.12 seconds
2025-09-09 20:43:16,338 - INFO - Optimized slope calculation took: 0.13 seconds
2025-09-09 20:43:28,625 - INFO - Optimized slope calculation took: 0.13 seconds
2025-09-09 20:43:29,812 - INFO - Optimized slope calculation took: 0.17 seconds
2025-09-09 21:08:05,541 - INFO - Starting Trading Strategy Analysis Tool
2025-09-09 21:08:10,429 - INFO - Reading CSV file: C:\Users\Kcrow\OneDrive\Documents\SPY Buy Sell Strategy Analysis\SPY Price History.csv
2025-09-09 21:08:10,439 - INFO - Read data with shape: (6456, 2)
2025-09-09 21:08:10,443 - INFO - Price column cleaned: [145.44, 139.75, 140.0, 137.75, 145.75]
2025-09-09 21:08:10,452 - INFO - Date conversion successful with day/month/year format
2025-09-09 21:08:10,455 - INFO - Data sorted by date. Range: 2000-01-03 00:00:00 to 2025-09-03 00:00:00
2025-09-09 21:08:10,465 - ERROR - Error creating chart: cannot access local variable 'include_slope_check_var' where it is not associated with a value
2025-09-09 21:11:41,685 - INFO - Reading CSV file: C:\Users\Kcrow\OneDrive\Documents\SPY Buy Sell Strategy Analysis\SPY Price History.csv
2025-09-09 21:11:41,695 - INFO - Read data with shape: (6456, 2)
2025-09-09 21:11:41,699 - INFO - Price column cleaned: [145.44, 139.75, 140.0, 137.75, 145.75]
2025-09-09 21:11:41,709 - INFO - Date conversion successful with day/month/year format
2025-09-09 21:11:41,711 - INFO - Data sorted by date. Range: 2000-01-03 00:00:00 to 2025-09-03 00:00:00
2025-09-09 21:11:41,724 - ERROR - Error creating chart: cannot access local variable 'include_slope_check_var' where it is not associated with a value
2025-09-09 21:12:38,598 - INFO - Starting Trading Strategy Analysis Tool
2025-09-09 21:12:41,921 - INFO - Reading CSV file: C:\Users\Kcrow\OneDrive\Documents\SPY Buy Sell Strategy Analysis\SPY Price History.csv
2025-09-09 21:12:41,933 - INFO - Read data with shape: (6456, 2)
2025-09-09 21:12:41,939 - INFO - Price column cleaned: [145.44, 139.75, 140.0, 137.75, 145.75]
2025-09-09 21:12:41,951 - INFO - Date conversion successful with day/month/year format
2025-09-09 21:12:41,952 - INFO - Data sorted by date. Range: 2000-01-03 00:00:00 to 2025-09-03 00:00:00
2025-09-09 21:12:41,962 - ERROR - Error creating chart: cannot access local variable 'update_chart' where it is not associated with a value
2025-09-09 21:13:45,059 - INFO - Reading CSV file: C:\Users\Kcrow\OneDrive\Documents\SPY Buy Sell Strategy Analysis\SPY Price History.csv
2025-09-09 21:13:45,068 - INFO - Read data with shape: (6456, 2)
2025-09-09 21:13:45,074 - INFO - Price column cleaned: [145.44, 139.75, 140.0, 137.75, 145.75]
2025-09-09 21:13:45,082 - INFO - Date conversion successful with day/month/year format
2025-09-09 21:13:45,083 - INFO - Data sorted by date. Range: 2000-01-03 00:00:00 to 2025-09-03 00:00:00
2025-09-09 21:13:45,101 - ERROR - Error creating chart: cannot access local variable 'update_chart' where it is not associated with a value
2025-09-09 21:15:07,405 - INFO - Starting Trading Strategy Analysis Tool
2025-09-09 21:15:10,714 - INFO - Reading CSV file: C:\Users\Kcrow\OneDrive\Documents\SPY Buy Sell Strategy Analysis\SPY Price History.csv
2025-09-09 21:15:10,723 - INFO - Read data with shape: (6456, 2)
2025-09-09 21:15:10,726 - INFO - Price column cleaned: [145.44, 139.75, 140.0, 137.75, 145.75]
2025-09-09 21:15:10,737 - INFO - Date conversion successful with day/month/year format
2025-09-09 21:15:10,739 - INFO - Data sorted by date. Range: 2000-01-03 00:00:00 to 2025-09-03 00:00:00
2025-09-09 21:35:57,204 - INFO - Starting Trading Strategy Analysis Tool
2025-09-09 21:36:00,389 - INFO - Reading CSV file: C:\Users\Kcrow\OneDrive\Documents\SPY Buy Sell Strategy Analysis\SPY Price History.csv
2025-09-09 21:36:00,399 - INFO - Read data with shape: (6456, 2)
2025-09-09 21:36:00,403 - INFO - Price column cleaned: [145.44, 139.75, 140.0, 137.75, 145.75]
2025-09-09 21:36:00,415 - INFO - Date conversion successful with day/month/year format
2025-09-09 21:36:00,417 - INFO - Data sorted by date. Range: 2000-01-03 00:00:00 to 2025-09-03 00:00:00
2025-09-09 21:38:22,816 - INFO - Starting Trading Strategy Analysis Tool
2025-09-09 21:38:26,714 - INFO - Reading CSV file: C:\Users\Kcrow\OneDrive\Documents\SPY Buy Sell Strategy Analysis\SPY Price History.csv
2025-09-09 21:38:26,723 - INFO - Read data with shape: (6456, 2)
2025-09-09 21:38:26,727 - INFO - Price column cleaned: [145.44, 139.75, 140.0, 137.75, 145.75]
2025-09-09 21:38:26,739 - INFO - Date conversion successful with day/month/year format
2025-09-09 21:38:26,740 - INFO - Data sorted by date. Range: 2000-01-03 00:00:00 to 2025-09-03 00:00:00
2025-09-09 21:38:53,453 - INFO - Reading CSV file: C:\Users\Kcrow\OneDrive\Documents\SPY Buy Sell Strategy Analysis\SPY Price History.csv
2025-09-09 21:38:53,460 - INFO - Read data with shape: (6456, 2)
2025-09-09 21:38:53,463 - INFO - Price column cleaned: [145.44, 139.75, 140.0, 137.75, 145.75]
2025-09-09 21:38:53,472 - INFO - Date conversion successful with day/month/year format
2025-09-09 21:38:53,473 - INFO - Data sorted by date. Range: 2000-01-03 00:00:00 to 2025-09-03 00:00:00
2025-09-09 21:59:39,456 - INFO - Starting Trading Strategy Analysis Tool
2025-09-09 21:59:43,428 - INFO - Reading CSV file: C:\Users\Kcrow\OneDrive\Documents\SPY Buy Sell Strategy Analysis\SPY Price History.csv
2025-09-09 21:59:43,438 - INFO - Read data with shape: (6456, 2)
2025-09-09 21:59:43,444 - INFO - Price column cleaned: [145.44, 139.75, 140.0, 137.75, 145.75]
2025-09-09 21:59:43,455 - INFO - Date conversion successful with day/month/year format
2025-09-09 21:59:43,457 - INFO - Data sorted by date. Range: 2000-01-03 00:00:00 to 2025-09-03 00:00:00
2025-09-09 22:02:13,712 - INFO - Starting Trading Strategy Analysis Tool
2025-09-09 22:02:17,152 - INFO - Reading CSV file: C:\Users\Kcrow\OneDrive\Documents\SPY Buy Sell Strategy Analysis\SPY Price History.csv
2025-09-09 22:02:17,163 - INFO - Read data with shape: (6456, 2)
2025-09-09 22:02:17,170 - INFO - Price column cleaned: [145.44, 139.75, 140.0, 137.75, 145.75]
2025-09-09 22:02:17,183 - INFO - Date conversion successful with day/month/year format
2025-09-09 22:02:17,185 - INFO - Data sorted by date. Range: 2000-01-03 00:00:00 to 2025-09-03 00:00:00
2025-09-09 22:03:07,053 - INFO - Optimized slope calculation took: 0.15 seconds
2025-09-09 22:22:26,421 - INFO - Starting Trading Strategy Analysis Tool
2025-09-09 22:22:43,744 - INFO - Starting backtest execution
2025-09-09 22:22:43,745 - INFO - Starting backtest
2025-09-09 22:22:43,746 - INFO - Reading CSV file: C:\Users\Kcrow\OneDrive\Documents\SPY Buy Sell Strategy Analysis\SPY Price History.csv
2025-09-09 22:22:43,754 - INFO - Read data with shape: (6456, 2)
2025-09-09 22:22:43,759 - INFO - Price column cleaned: [145.44, 139.75, 140.0, 137.75, 145.75]
2025-09-09 22:22:43,771 - INFO - Date conversion successful with day/month/year format
2025-09-09 22:22:43,773 - INFO - Data sorted by date. Range: 2000-01-03 00:00:00 to 2025-09-03 00:00:00
2025-09-09 22:23:49,026 - INFO - Backtest completed with 816 results
2025-09-09 22:24:18,380 - INFO - Reading CSV file: C:\Users\Kcrow\OneDrive\Documents\SPY Buy Sell Strategy Analysis\SPY Price History.csv
2025-09-09 22:24:18,389 - INFO - Read data with shape: (6456, 2)
2025-09-09 22:24:18,393 - INFO - Price column cleaned: [145.44, 139.75, 140.0, 137.75, 145.75]
2025-09-09 22:24:18,403 - INFO - Date conversion successful with day/month/year format
2025-09-09 22:24:18,404 - INFO - Data sorted by date. Range: 2000-01-03 00:00:00 to 2025-09-03 00:00:00
2025-09-09 22:24:44,235 - INFO - Starting backtest execution
2025-09-09 22:24:44,237 - INFO - Starting backtest
2025-09-09 22:24:44,238 - INFO - Reading CSV file: C:\Users\Kcrow\OneDrive\Documents\SPY Buy Sell Strategy Analysis\SPY Price History.csv
2025-09-09 22:24:44,245 - INFO - Read data with shape: (6456, 2)
2025-09-09 22:24:44,249 - INFO - Price column cleaned: [145.44, 139.75, 140.0, 137.75, 145.75]
2025-09-09 22:24:44,258 - INFO - Date conversion successful with day/month/year format
2025-09-09 22:24:44,259 - INFO - Data sorted by date. Range: 2000-01-03 00:00:00 to 2025-09-03 00:00:00
2025-09-09 22:25:47,927 - INFO - Backtest completed with 816 results
2025-09-09 22:27:21,210 - INFO - Starting backtest execution
2025-09-09 22:27:21,217 - INFO - Starting backtest
2025-09-09 22:27:21,219 - INFO - Reading CSV file: C:\Users\Kcrow\OneDrive\Documents\SPY Buy Sell Strategy Analysis\SPY Price History.csv
2025-09-09 22:27:21,228 - INFO - Read data with shape: (6456, 2)
2025-09-09 22:27:21,233 - INFO - Price column cleaned: [145.44, 139.75, 140.0, 137.75, 145.75]
2025-09-09 22:27:21,246 - INFO - Date conversion successful with day/month/year format
2025-09-09 22:27:21,247 - INFO - Data sorted by date. Range: 2000-01-03 00:00:00 to 2025-09-03 00:00:00
2025-09-09 22:27:48,793 - ERROR - Backtest error: Backtest cancelled
2025-09-09 22:28:38,204 - INFO - Reading CSV file: C:\Users\Kcrow\OneDrive\Documents\SPY Buy Sell Strategy Analysis\SPY Price History.csv
2025-09-09 22:28:38,210 - INFO - Read data with shape: (6456, 2)
2025-09-09 22:28:38,214 - INFO - Price column cleaned: [145.44, 139.75, 140.0, 137.75, 145.75]
2025-09-09 22:28:38,224 - INFO - Date conversion successful with day/month/year format
2025-09-09 22:28:38,225 - INFO - Data sorted by date. Range: 2000-01-03 00:00:00 to 2025-09-03 00:00:00
2025-09-09 22:28:51,854 - INFO - Optimized slope calculation took: 0.77 seconds
2025-09-09 22:28:55,211 - INFO - Optimized slope calculation took: 0.83 seconds
2025-09-09 22:28:57,619 - INFO - Optimized slope calculation took: 0.83 seconds
2025-09-09 22:29:01,757 - INFO - Optimized slope calculation took: 0.90 seconds
2025-09-09 22:29:50,063 - INFO - Optimized slope calculation took: 0.79 seconds
2025-09-09 22:30:31,149 - INFO - Reading CSV file: C:\Users\Kcrow\OneDrive\Documents\SPY Buy Sell Strategy Analysis\SPY Price History.csv
2025-09-09 22:30:31,160 - INFO - Read data with shape: (6456, 2)
2025-09-09 22:30:31,164 - INFO - Price column cleaned: [145.44, 139.75, 140.0, 137.75, 145.75]
2025-09-09 22:30:31,172 - INFO - Date conversion successful with day/month/year format
2025-09-09 22:30:31,173 - INFO - Data sorted by date. Range: 2000-01-03 00:00:00 to 2025-09-03 00:00:00
2025-09-09 22:32:35,979 - INFO - Starting backtest execution
2025-09-09 22:32:35,981 - INFO - Starting backtest
2025-09-09 22:32:35,982 - INFO - Reading CSV file: C:\Users\Kcrow\OneDrive\Documents\SPY Buy Sell Strategy Analysis\SPY Price History.csv
2025-09-09 22:32:35,989 - INFO - Read data with shape: (6456, 2)
2025-09-09 22:32:35,993 - INFO - Price column cleaned: [145.44, 139.75, 140.0, 137.75, 145.75]
2025-09-09 22:32:36,003 - INFO - Date conversion successful with day/month/year format
2025-09-09 22:32:36,004 - INFO - Data sorted by date. Range: 2000-01-03 00:00:00 to 2025-09-03 00:00:00
2025-09-09 22:33:34,535 - ERROR - Backtest error: Backtest cancelled
2025-09-09 22:33:49,271 - INFO - Starting Trading Strategy Analysis Tool
2025-09-09 22:34:33,795 - INFO - Reading CSV file: C:\Users\Kcrow\OneDrive\Documents\SPY Buy Sell Strategy Analysis\SPY Price History.csv
2025-09-09 22:34:33,804 - INFO - Read data with shape: (6456, 2)
2025-09-09 22:34:33,807 - INFO - Price column cleaned: [145.44, 139.75, 140.0, 137.75, 145.75]
2025-09-09 22:34:33,817 - INFO - Date conversion successful with day/month/year format
2025-09-09 22:34:33,819 - INFO - Data sorted by date. Range: 2000-01-03 00:00:00 to 2025-09-03 00:00:00
2025-09-09 22:34:53,512 - INFO - Starting backtest execution
2025-09-09 22:34:53,515 - INFO - Starting backtest
2025-09-09 22:34:53,515 - INFO - Reading CSV file: C:\Users\Kcrow\OneDrive\Documents\SPY Buy Sell Strategy Analysis\SPY Price History.csv
2025-09-09 22:34:53,522 - INFO - Read data with shape: (6456, 2)
2025-09-09 22:34:53,525 - INFO - Price column cleaned: [145.44, 139.75, 140.0, 137.75, 145.75]
2025-09-09 22:34:53,533 - INFO - Date conversion successful with day/month/year format
2025-09-09 22:34:53,534 - INFO - Data sorted by date. Range: 2000-01-03 00:00:00 to 2025-09-03 00:00:00
2025-09-09 23:21:11,352 - INFO - Backtest completed with 7676 results
2025-09-10 10:16:12,954 - INFO - Reading CSV file: C:\Users\Kcrow\OneDrive\Documents\SPY Buy Sell Strategy Analysis\SPY Price History.csv
2025-09-10 10:16:12,965 - INFO - Read data with shape: (6456, 2)
2025-09-10 10:16:12,969 - INFO - Price column cleaned: [145.44, 139.75, 140.0, 137.75, 145.75]
2025-09-10 10:16:12,981 - INFO - Date conversion successful with day/month/year format
2025-09-10 10:16:12,983 - INFO - Data sorted by date. Range: 2000-01-03 00:00:00 to 2025-09-03 00:00:00
2025-09-10 10:16:35,394 - INFO - Optimized slope calculation took: 1.11 seconds
2025-09-10 10:17:50,599 - INFO - Starting Trading Strategy Analysis Tool
2025-09-10 10:18:00,108 - INFO - Starting backtest execution
2025-09-10 10:18:00,109 - INFO - Starting backtest
2025-09-10 10:18:00,110 - INFO - Reading CSV file: C:\Users\Kcrow\OneDrive\Documents\SPY Buy Sell Strategy Analysis\SPY Price History.csv
2025-09-10 10:18:00,118 - INFO - Read data with shape: (6456, 2)
2025-09-10 10:18:00,122 - INFO - Price column cleaned: [145.44, 139.75, 140.0, 137.75, 145.75]
2025-09-10 10:18:00,135 - INFO - Date conversion successful with day/month/year format
2025-09-10 10:18:00,137 - INFO - Data sorted by date. Range: 2000-01-03 00:00:00 to 2025-09-03 00:00:00
2025-09-10 10:19:06,122 - INFO - Backtest completed with 816 results
2025-09-10 10:24:44,686 - INFO - Reading CSV file: C:\Users\Kcrow\OneDrive\Documents\SPY Buy Sell Strategy Analysis\SPY Price History.csv
2025-09-10 10:24:44,692 - INFO - Read data with shape: (6456, 2)
2025-09-10 10:24:44,696 - INFO - Price column cleaned: [145.44, 139.75, 140.0, 137.75, 145.75]
2025-09-10 10:24:44,706 - INFO - Date conversion successful with day/month/year format
2025-09-10 10:24:44,707 - INFO - Data sorted by date. Range: 2000-01-03 00:00:00 to 2025-09-03 00:00:00
2025-09-10 10:24:57,492 - INFO - Starting backtest execution
2025-09-10 10:24:57,494 - INFO - Starting backtest
2025-09-10 10:24:57,494 - INFO - Reading CSV file: C:\Users\Kcrow\OneDrive\Documents\SPY Buy Sell Strategy Analysis\SPY Price History.csv
2025-09-10 10:24:57,500 - INFO - Read data with shape: (6456, 2)
2025-09-10 10:24:57,504 - INFO - Price column cleaned: [145.44, 139.75, 140.0, 137.75, 145.75]
2025-09-10 10:24:57,513 - INFO - Date conversion successful with day/month/year format
2025-09-10 10:24:57,514 - INFO - Data sorted by date. Range: 2000-01-03 00:00:00 to 2025-09-03 00:00:00
2025-09-10 10:25:03,751 - ERROR - Backtest error: Backtest cancelled
2025-09-10 10:25:07,444 - INFO - Starting backtest execution
2025-09-10 10:25:07,445 - INFO - Starting backtest
2025-09-10 10:25:07,446 - INFO - Reading CSV file: C:\Users\Kcrow\OneDrive\Documents\SPY Buy Sell Strategy Analysis\SPY Price History.csv
2025-09-10 10:25:07,481 - INFO - Read data with shape: (6456, 2)
2025-09-10 10:25:07,485 - INFO - Price column cleaned: [145.44, 139.75, 140.0, 137.75, 145.75]
2025-09-10 10:25:07,494 - INFO - Date conversion successful with day/month/year format
2025-09-10 10:25:07,495 - INFO - Data sorted by date. Range: 2000-01-03 00:00:00 to 2025-09-03 00:00:00
2025-09-10 10:27:56,783 - INFO - Backtest completed with 816 results
2025-09-10 10:47:31,650 - INFO - Reading CSV file: C:\Users\Kcrow\OneDrive\Documents\SPY Buy Sell Strategy Analysis\SPY Price History.csv
2025-09-10 10:47:31,656 - INFO - Read data with shape: (6456, 2)
2025-09-10 10:47:31,659 - INFO - Price column cleaned: [145.44, 139.75, 140.0, 137.75, 145.75]
2025-09-10 10:47:31,669 - INFO - Date conversion successful with day/month/year format
2025-09-10 10:47:31,670 - INFO - Data sorted by date. Range: 2000-01-03 00:00:00 to 2025-09-03 00:00:00
2025-09-10 10:47:41,379 - INFO - Optimized slope calculation took: 0.36 seconds
2025-09-10 10:47:44,593 - INFO - Optimized slope calculation took: 0.35 seconds
2025-09-10 10:48:00,868 - INFO - Optimized slope calculation took: 0.38 seconds
2025-09-10 14:05:16,332 - INFO - Starting Trading Strategy Analysis Tool
2025-09-10 14:05:22,768 - INFO - Reading CSV file with smart detection: C:\Users\Kcrow\OneDrive\Documents\SPY Buy Sell Strategy Analysis\SPY Price History.csv
2025-09-10 14:05:22,768 - INFO - Detected structure: delimiter=',', has_header=False, confidence=60.0%
2025-09-10 14:05:22,768 - INFO - Sample data shape: (20, 2)
2025-09-10 14:05:22,768 - INFO - Sample columns: [0, 1]
2025-09-10 14:05:22,768 - INFO - No headers detected, using positional mapping
2025-09-10 14:05:22,768 - WARNING - Could not detect date format, will use pandas default parsing
2025-09-10 14:05:22,768 - INFO - Overall detection confidence: 44.0%
2025-09-10 14:05:22,768 - INFO - Low confidence in auto-detection, requesting manual configuration
2025-09-10 14:06:35,210 - INFO - User provided manual configuration
2025-09-10 14:06:35,219 - INFO - Successfully read CSV with shape: (6456, 2)
2025-09-10 14:06:35,221 - ERROR - Data validation error: Price column not found in data
2025-09-10 14:06:40,288 - INFO - Reading CSV file with smart detection: C:\Users\Kcrow\OneDrive\Documents\SPY Buy Sell Strategy Analysis\SPY Price History.csv
2025-09-10 14:06:40,288 - INFO - Detected structure: delimiter=',', has_header=False, confidence=60.0%
2025-09-10 14:06:40,288 - INFO - Sample data shape: (20, 2)
2025-09-10 14:06:40,288 - INFO - Sample columns: [0, 1]
2025-09-10 14:06:40,298 - INFO - No headers detected, using positional mapping
2025-09-10 14:06:40,298 - WARNING - Could not detect date format, will use pandas default parsing
2025-09-10 14:06:40,298 - INFO - Overall detection confidence: 44.0%
2025-09-10 14:06:40,299 - INFO - Low confidence in auto-detection, requesting manual configuration
2025-09-10 14:07:10,111 - INFO - User provided manual configuration
2025-09-10 14:07:10,116 - INFO - Successfully read CSV with shape: (6456, 2)
2025-09-10 14:07:10,119 - ERROR - Data validation error: Price column not found in data
2025-09-10 14:07:14,815 - INFO - Starting backtest execution
2025-09-10 14:07:14,817 - INFO - Starting backtest
2025-09-10 14:07:14,817 - INFO - Reading CSV file with smart detection: C:\Users\Kcrow\OneDrive\Documents\SPY Buy Sell Strategy Analysis\SPY Price History.csv
2025-09-10 14:07:14,820 - INFO - Detected structure: delimiter=',', has_header=False, confidence=60.0%
2025-09-10 14:07:14,820 - INFO - Sample data shape: (20, 2)
2025-09-10 14:07:14,820 - INFO - Sample columns: [0, 1]
2025-09-10 14:07:14,820 - INFO - No headers detected, using positional mapping
2025-09-10 14:07:14,820 - WARNING - Could not detect date format, will use pandas default parsing
2025-09-10 14:07:14,820 - INFO - Overall detection confidence: 44.0%
2025-09-10 14:07:14,820 - INFO - Low confidence in auto-detection, requesting manual configuration
2025-09-10 14:10:37,168 - INFO - Starting Trading Strategy Analysis Tool
2025-09-10 14:10:42,829 - INFO - Reading CSV file with smart detection: C:\Users\Kcrow\OneDrive\Documents\SPY Buy Sell Strategy Analysis\SPY Price History.csv
2025-09-10 14:10:42,833 - INFO - Detected structure: delimiter=',', has_header=False, confidence=60.0%
2025-09-10 14:10:42,835 - INFO - Sample data shape: (20, 2)
2025-09-10 14:10:42,835 - INFO - Sample columns: [0, 1]
2025-09-10 14:10:42,835 - INFO - No headers detected, using positional mapping
2025-09-10 14:10:42,835 - WARNING - Could not detect date format, will use pandas default parsing
2025-09-10 14:10:42,835 - INFO - Overall detection confidence: 44.0%
2025-09-10 14:10:42,838 - INFO - Low confidence in auto-detection, requesting manual configuration
2025-09-10 14:13:37,289 - INFO - Reading CSV file with smart detection: C:\Users\Kcrow\OneDrive\Documents\SPY Buy Sell Strategy Analysis\SPY Price History.csv
2025-09-10 14:13:37,295 - INFO - Detected structure: delimiter=',', has_header=False, confidence=60.0%
2025-09-10 14:13:37,299 - INFO - Sample data shape: (20, 2)
2025-09-10 14:13:37,299 - INFO - Sample columns: [0, 1]
2025-09-10 14:13:37,300 - INFO - No headers detected, using positional mapping
2025-09-10 14:13:37,301 - WARNING - Could not detect date format, will use pandas default parsing
2025-09-10 14:13:37,302 - INFO - Overall detection confidence: 44.0%
2025-09-10 14:13:37,302 - INFO - Low confidence in auto-detection, requesting manual configuration
2025-09-10 14:16:42,491 - INFO - User cancelled manual configuration, using auto-detection
2025-09-10 14:16:42,503 - INFO - Successfully read CSV with shape: (6456, 2)
2025-09-10 14:16:42,503 - WARNING - Could not map required columns, assuming first two columns
2025-09-10 14:16:42,505 - ERROR - Data validation error: Price column not found in data
2025-09-10 14:16:45,468 - INFO - User cancelled manual configuration, using auto-detection
2025-09-10 14:16:45,477 - INFO - Successfully read CSV with shape: (6456, 2)
2025-09-10 14:16:45,478 - WARNING - Could not map required columns, assuming first two columns
2025-09-10 14:16:45,479 - ERROR - Data validation error: Price column not found in data
2025-09-10 14:16:54,488 - INFO - Starting Trading Strategy Analysis Tool
2025-09-10 14:16:57,217 - INFO - Reading CSV file with smart detection: C:\Users\Kcrow\OneDrive\Documents\SPY Buy Sell Strategy Analysis\SPY Price History.csv
2025-09-10 14:16:57,222 - INFO - Detected structure: delimiter=',', has_header=False, confidence=60.0%
2025-09-10 14:16:57,224 - INFO - Sample data shape: (20, 2)
2025-09-10 14:16:57,224 - INFO - Sample columns: [0, 1]
2025-09-10 14:16:57,224 - INFO - No headers detected, using positional mapping
2025-09-10 14:16:57,224 - WARNING - Could not detect date format, will use pandas default parsing
2025-09-10 14:16:57,224 - INFO - Overall detection confidence: 44.0%
2025-09-10 14:16:57,224 - INFO - Low confidence in auto-detection, requesting manual configuration
2025-09-10 14:24:36,760 - INFO - User provided manual configuration
2025-09-10 14:24:36,772 - INFO - Successfully read CSV with shape: (6456, 2)
2025-09-10 14:24:36,772 - ERROR - Data validation error: Price column not found in data
2025-09-10 14:24:44,368 - INFO - Starting backtest execution
2025-09-10 14:24:44,368 - INFO - Starting backtest
2025-09-10 14:24:44,368 - INFO - Reading CSV file with smart detection: C:\Users\Kcrow\OneDrive\Documents\SPY Buy Sell Strategy Analysis\SPY Price History.csv
2025-09-10 14:24:44,368 - INFO - Detected structure: delimiter=',', has_header=False, confidence=60.0%
2025-09-10 14:24:44,378 - INFO - Sample data shape: (20, 2)
2025-09-10 14:24:44,378 - INFO - Sample columns: [0, 1]
2025-09-10 14:24:44,378 - INFO - No headers detected, using positional mapping
2025-09-10 14:24:44,378 - WARNING - Could not detect date format, will use pandas default parsing
2025-09-10 14:24:44,378 - INFO - Overall detection confidence: 44.0%
2025-09-10 14:24:44,378 - INFO - Low confidence in auto-detection, requesting manual configuration
2025-09-10 14:30:22,847 - INFO - Starting Trading Strategy Analysis Tool
2025-09-10 14:30:25,441 - INFO - Reading CSV file with smart detection: C:\Users\Kcrow\OneDrive\Documents\SPY Buy Sell Strategy Analysis\SPY Price History.csv
2025-09-10 14:30:25,448 - INFO - Detected structure: delimiter=',', has_header=False, confidence=60.0%
2025-09-10 14:30:25,454 - INFO - Sample data shape: (20, 2)
2025-09-10 14:30:25,455 - INFO - Sample columns: [0, 1]
2025-09-10 14:30:25,455 - INFO - No headers detected, using positional mapping
2025-09-10 14:30:25,455 - WARNING - Could not detect date format, will use pandas default parsing
2025-09-10 14:30:25,455 - INFO - Overall detection confidence: 44.0%
2025-09-10 14:30:25,456 - INFO - Low confidence in auto-detection, requesting manual configuration
2025-09-10 14:35:40,448 - INFO - User cancelled manual configuration, using auto-detection
2025-09-10 14:35:40,458 - INFO - Successfully read CSV with shape: (6456, 2)
2025-09-10 14:35:40,459 - WARNING - Could not map required columns, assuming first two columns
2025-09-10 14:35:40,460 - ERROR - Data validation error: Price column not found in data
2025-09-10 14:35:45,235 - INFO - Reading CSV file with smart detection: C:\Users\Kcrow\OneDrive\Documents\SPY Buy Sell Strategy Analysis\SPY Price History.csv
2025-09-10 14:35:45,239 - INFO - Detected structure: delimiter=',', has_header=False, confidence=60.0%
2025-09-10 14:35:45,241 - INFO - Sample data shape: (20, 2)
2025-09-10 14:35:45,243 - INFO - Sample columns: [0, 1]
2025-09-10 14:35:45,243 - INFO - No headers detected, using positional mapping
2025-09-10 14:35:45,243 - WARNING - Could not detect date format, will use pandas default parsing
2025-09-10 14:35:45,243 - INFO - Overall detection confidence: 44.0%
2025-09-10 14:35:45,243 - INFO - Low confidence in auto-detection, requesting manual configuration
2025-09-10 14:35:46,750 - INFO - User cancelled manual configuration, using auto-detection
2025-09-10 14:35:46,756 - INFO - Successfully read CSV with shape: (6456, 2)
2025-09-10 14:35:46,757 - WARNING - Could not map required columns, assuming first two columns
2025-09-10 14:35:46,757 - ERROR - Data validation error: Price column not found in data
2025-09-10 14:38:02,068 - INFO - Starting Trading Strategy Analysis Tool
2025-09-10 14:38:06,046 - INFO - Reading CSV file with smart detection: C:\Users\Kcrow\OneDrive\Documents\SPY Buy Sell Strategy Analysis\SPY Price History.csv
2025-09-10 14:38:06,053 - INFO - Detected structure: delimiter=',', has_header=False, confidence=60.0%
2025-09-10 14:38:06,058 - INFO - Sample data shape: (20, 2)
2025-09-10 14:38:06,059 - INFO - Sample columns: [0, 1]
2025-09-10 14:38:06,059 - INFO - No headers detected, using positional mapping
2025-09-10 14:38:06,061 - WARNING - Could not detect date format, will use pandas default parsing
2025-09-10 14:38:06,061 - INFO - Overall detection confidence: 44.0%
2025-09-10 14:38:06,061 - INFO - Low confidence in auto-detection, requesting manual configuration
2025-09-10 14:38:25,168 - INFO - User cancelled manual configuration, using auto-detection
2025-09-10 14:38:25,175 - INFO - Successfully read CSV with shape: (6456, 2)
2025-09-10 14:38:25,175 - WARNING - Could not map required columns, assuming first two columns
2025-09-10 14:38:25,175 - ERROR - Data validation error: Price column not found in data
2025-09-10 14:38:49,889 - INFO - Reading CSV file with smart detection: C:\Users\Kcrow\OneDrive\Documents\SPY Buy Sell Strategy Analysis\SPY Price History.csv
2025-09-10 14:38:49,893 - INFO - Detected structure: delimiter=',', has_header=False, confidence=60.0%
2025-09-10 14:38:49,897 - INFO - Sample data shape: (20, 2)
2025-09-10 14:38:49,897 - INFO - Sample columns: [0, 1]
2025-09-10 14:38:49,897 - INFO - No headers detected, using positional mapping
2025-09-10 14:38:49,897 - WARNING - Could not detect date format, will use pandas default parsing
2025-09-10 14:38:49,897 - INFO - Overall detection confidence: 44.0%
2025-09-10 14:38:49,897 - INFO - Low confidence in auto-detection, requesting manual configuration
2025-09-10 14:40:15,904 - INFO - User provided manual configuration
2025-09-10 14:40:15,913 - INFO - Successfully read CSV with shape: (6456, 2)
2025-09-10 14:40:15,914 - ERROR - Data validation error: Price column not found in data
2025-09-10 14:40:19,040 - INFO - Reading CSV file with smart detection: C:\Users\Kcrow\OneDrive\Documents\SPY Buy Sell Strategy Analysis\SPY Price History.csv
2025-09-10 14:40:19,040 - INFO - Detected structure: delimiter=',', has_header=False, confidence=60.0%
2025-09-10 14:40:19,050 - INFO - Sample data shape: (20, 2)
2025-09-10 14:40:19,050 - INFO - Sample columns: [0, 1]
2025-09-10 14:40:19,050 - INFO - No headers detected, using positional mapping
2025-09-10 14:40:19,050 - WARNING - Could not detect date format, will use pandas default parsing
2025-09-10 14:40:19,050 - INFO - Overall detection confidence: 44.0%
2025-09-10 14:40:19,050 - INFO - Low confidence in auto-detection, requesting manual configuration
2025-09-10 14:40:21,068 - INFO - User cancelled manual configuration, using auto-detection
2025-09-10 14:40:21,080 - INFO - Successfully read CSV with shape: (6456, 2)
2025-09-10 14:40:21,080 - WARNING - Could not map required columns, assuming first two columns
2025-09-10 14:40:21,080 - ERROR - Data validation error: Price column not found in data
2025-09-10 14:45:16,158 - INFO - Starting Trading Strategy Analysis Tool
2025-09-10 14:45:20,808 - INFO - Reading CSV file with smart detection: C:\Users\Kcrow\OneDrive\Documents\SPY Buy Sell Strategy Analysis\SPY Price History.csv
2025-09-10 14:45:20,808 - INFO - Detected structure: delimiter=',', has_header=False, confidence=60.0%
2025-09-10 14:45:20,818 - INFO - Sample data shape: (20, 2)
2025-09-10 14:45:20,818 - INFO - Sample columns: [0, 1]
2025-09-10 14:45:20,818 - INFO - No headers detected, using positional mapping
2025-09-10 14:45:20,818 - WARNING - Could not detect date format, will use pandas default parsing
2025-09-10 14:45:20,818 - INFO - Overall detection confidence: 44.0%
2025-09-10 14:45:20,818 - INFO - Low confidence in auto-detection, requesting manual configuration
2025-09-10 14:45:45,026 - INFO - User cancelled manual configuration, using auto-detection
2025-09-10 14:45:45,028 - INFO - Successfully read CSV with shape: (6456, 2)
2025-09-10 14:45:45,028 - WARNING - Could not map required columns, assuming first two columns
2025-09-10 14:45:45,028 - ERROR - Data validation error: Price column not found in data
2025-09-10 15:34:45,892 - INFO - Starting Trading Strategy Analysis Tool
2025-09-10 15:34:57,559 - INFO - Reading CSV file with smart detection: C:\Users\Kcrow\OneDrive\Documents\SPY Buy Sell Strategy Analysis\SPY Price History.csv
2025-09-10 15:34:57,563 - INFO - Detected structure: delimiter=',', has_header=False, confidence=60.0%
2025-09-10 15:34:57,567 - INFO - Sample data shape: (20, 2)
2025-09-10 15:34:57,568 - INFO - Sample columns: [0, 1]
2025-09-10 15:34:57,568 - INFO - No headers detected, using positional mapping
2025-09-10 15:34:57,568 - WARNING - Could not detect date format, will use pandas default parsing
2025-09-10 15:34:57,569 - INFO - Overall detection confidence: 44.0%
2025-09-10 15:34:57,569 - INFO - Low confidence in auto-detection, requesting manual configuration
2025-09-10 15:34:59,755 - INFO - User cancelled manual configuration, using auto-detection
2025-09-10 15:34:59,761 - INFO - Successfully read CSV with shape: (6456, 2)
2025-09-10 15:34:59,762 - WARNING - Could not map required columns, assuming first two columns
2025-09-10 15:34:59,762 - ERROR - Data validation error: Price column not found in data
2025-09-10 15:35:15,605 - INFO - Starting Trading Strategy Analysis Tool
2025-09-10 15:35:17,909 - INFO - Reading CSV file with smart detection: C:\Users\Kcrow\OneDrive\Documents\SPY Buy Sell Strategy Analysis\SPY Price History.csv
2025-09-10 15:35:17,915 - INFO - Detected structure: delimiter=',', has_header=False, confidence=60.0%
2025-09-10 15:35:17,920 - INFO - Sample data shape: (20, 2)
2025-09-10 15:35:17,921 - INFO - Sample columns: [0, 1]
2025-09-10 15:35:17,921 - INFO - No headers detected, using positional mapping
2025-09-10 15:35:17,922 - WARNING - Could not detect date format, will use pandas default parsing
2025-09-10 15:35:17,922 - INFO - Overall detection confidence: 44.0%
2025-09-10 15:35:17,922 - INFO - Low confidence in auto-detection, requesting manual configuration
2025-09-10 15:35:24,881 - INFO - User provided manual configuration
2025-09-10 15:35:24,889 - INFO - Successfully read CSV with shape: (6456, 2)
2025-09-10 15:35:24,890 - ERROR - Data validation error: Price column not found in data
2025-09-10 15:36:14,511 - INFO - Starting Trading Strategy Analysis Tool
2025-09-10 15:36:20,027 - INFO - Reading CSV file with smart detection: C:\Users\Kcrow\OneDrive\Documents\SPY Buy Sell Strategy Analysis\SPY Price History.csv
2025-09-10 15:36:20,033 - INFO - Detected structure: delimiter=',', has_header=False, confidence=60.0%
2025-09-10 15:36:20,038 - INFO - Sample data shape: (20, 2)
2025-09-10 15:36:20,038 - INFO - Sample columns: [0, 1]
2025-09-10 15:36:20,038 - INFO - No headers detected, using positional mapping
2025-09-10 15:36:20,038 - INFO - Date column name from mapping: 0
2025-09-10 15:36:20,038 - INFO - Sample DF columns: [0, 1]
2025-09-10 15:36:20,039 - INFO - Extracted 20 date samples: ['3/01/2000', '4/01/2000', '5/01/2000', '6/01/2000', '7/01/2000']
2025-09-10 15:36:20,040 - INFO - Detected date format: %d/%m/%Y (confidence: 100.0%)
2025-09-10 15:36:20,040 - INFO - Overall detection confidence: 84.0%
2025-09-10 15:36:20,042 - INFO - Successfully read CSV with shape: (6456, 2)
2025-09-10 15:36:20,042 - WARNING - Could not map required columns, assuming first two columns
2025-09-10 15:36:20,042 - ERROR - Data validation error: Price column not found in data
2025-09-10 15:39:23,569 - INFO - Starting Trading Strategy Analysis Tool
2025-09-10 15:39:27,138 - INFO - Reading CSV file with smart detection: C:\Users\Kcrow\OneDrive\Documents\SPY Buy Sell Strategy Analysis\SPY Price History.csv
2025-09-10 15:39:27,138 - INFO - Detected structure: delimiter=',', has_header=False, confidence=60.0%
2025-09-10 15:39:27,149 - INFO - Sample data shape: (20, 2)
2025-09-10 15:39:27,149 - INFO - Sample columns: [0, 1]
2025-09-10 15:39:27,149 - INFO - No headers detected, using positional mapping
2025-09-10 15:39:27,149 - INFO - Date column name from mapping: 0
2025-09-10 15:39:27,149 - INFO - Sample DF columns: [0, 1]
2025-09-10 15:39:27,152 - INFO - Extracted 20 date samples: ['3/01/2000', '4/01/2000', '5/01/2000', '6/01/2000', '7/01/2000']
2025-09-10 15:39:27,152 - INFO - Detected date format: %d/%m/%Y (confidence: 100.0%)
2025-09-10 15:39:27,153 - INFO - Overall detection confidence: 84.0%
2025-09-10 15:39:27,157 - INFO - Successfully read CSV with shape: (6456, 2)
2025-09-10 15:39:27,158 - INFO - Assigned positional column names for headerless file
2025-09-10 15:39:27,164 - INFO - Price column cleaned: [145.44, 139.75, 140.0, 137.75, 145.75]
2025-09-10 15:39:27,171 - INFO - Date conversion successful with detected format: %d/%m/%Y
2025-09-10 15:39:27,175 - INFO - Data sorted by date. Range: 2000-01-03 00:00:00 to 2025-09-03 00:00:00
2025-09-10 15:39:27,175 - INFO - Final data shape: (6456, 2)
2025-09-10 15:39:34,411 - INFO - Starting backtest execution
2025-09-10 15:39:34,411 - INFO - Starting backtest
2025-09-10 15:39:34,411 - INFO - Reading CSV file with smart detection: C:\Users\Kcrow\OneDrive\Documents\SPY Buy Sell Strategy Analysis\SPY Price History.csv
2025-09-10 15:39:34,419 - INFO - Detected structure: delimiter=',', has_header=False, confidence=60.0%
2025-09-10 15:39:34,422 - INFO - Sample data shape: (20, 2)
2025-09-10 15:39:34,422 - INFO - Sample columns: [0, 1]
2025-09-10 15:39:34,422 - INFO - No headers detected, using positional mapping
2025-09-10 15:39:34,422 - INFO - Date column name from mapping: 0
2025-09-10 15:39:34,422 - INFO - Sample DF columns: [0, 1]
2025-09-10 15:39:34,422 - INFO - Extracted 20 date samples: ['3/01/2000', '4/01/2000', '5/01/2000', '6/01/2000', '7/01/2000']
2025-09-10 15:39:34,422 - INFO - Detected date format: %d/%m/%Y (confidence: 100.0%)
2025-09-10 15:39:34,422 - INFO - Overall detection confidence: 84.0%
2025-09-10 15:39:34,428 - INFO - Successfully read CSV with shape: (6456, 2)
2025-09-10 15:39:34,428 - INFO - Assigned positional column names for headerless file
2025-09-10 15:39:34,432 - INFO - Price column cleaned: [145.44, 139.75, 140.0, 137.75, 145.75]
2025-09-10 15:39:34,442 - INFO - Date conversion successful with detected format: %d/%m/%Y
2025-09-10 15:39:34,442 - INFO - Data sorted by date. Range: 2000-01-03 00:00:00 to 2025-09-03 00:00:00
2025-09-10 15:39:34,442 - INFO - Final data shape: (6456, 2)
2025-09-10 15:39:38,464 - ERROR - Backtest error: Backtest cancelled
2025-09-10 15:50:23,260 - INFO - Starting Trading Strategy Analysis Tool
2025-09-10 15:50:50,258 - INFO - Reading CSV file with smart detection: C:/Users/Kcrow/OneDrive/Documents/SPY Buy Sell Strategy Analysis/TestData.csv
2025-09-10 15:50:50,265 - INFO - Detected structure: delimiter=',', has_header=True, confidence=80.0%
2025-09-10 15:50:50,268 - INFO - Sample data shape: (20, 6)
2025-09-10 15:50:50,268 - INFO - Sample columns: ['Date', 'Open', 'High', 'Low', 'Close', 'Comment']
2025-09-10 15:50:50,269 - INFO - Column mapping: {'Date': 'Date', 'Price': 'Close'}
2025-09-10 15:50:50,269 - INFO - Date column name from mapping: Date
2025-09-10 15:50:50,269 - INFO - Sample DF columns: ['Date', 'Open', 'High', 'Low', 'Close', 'Comment']
2025-09-10 15:50:50,269 - INFO - Extracted 20 date samples: ['1/01/2000', '2/01/2000', '3/01/2000', '4/01/2000', '5/01/2000']
2025-09-10 15:50:50,271 - INFO - Detected date format: %d/%m/%Y (confidence: 100.0%)
2025-09-10 15:50:50,272 - INFO - Overall detection confidence: 92.0%
2025-09-10 15:50:50,273 - INFO - Successfully read CSV with shape: (41, 6)
2025-09-10 15:50:50,273 - INFO - Renamed columns using header mapping
2025-09-10 15:50:50,275 - INFO - Price column cleaned: [1.0, 2.0, 3.0, 4.0, 5.0]
2025-09-10 15:50:50,276 - INFO - Date conversion successful with detected format: %d/%m/%Y
2025-09-10 15:50:50,277 - INFO - Data sorted by date. Range: 2000-01-01 00:00:00 to 2000-02-10 00:00:00
2025-09-10 15:50:50,277 - INFO - Final data shape: (41, 6)
2025-09-10 15:51:02,678 - INFO - Starting backtest execution
2025-09-10 15:51:02,678 - INFO - Starting backtest
2025-09-10 15:51:02,678 - INFO - Reading CSV file with smart detection: C:/Users/Kcrow/OneDrive/Documents/SPY Buy Sell Strategy Analysis/TestData.csv
2025-09-10 15:51:02,678 - INFO - Detected structure: delimiter=',', has_header=True, confidence=80.0%
2025-09-10 15:51:02,686 - INFO - Sample data shape: (20, 6)
2025-09-10 15:51:02,686 - INFO - Sample columns: ['Date', 'Open', 'High', 'Low', 'Close', 'Comment']
2025-09-10 15:51:02,688 - INFO - Column mapping: {'Date': 'Date', 'Price': 'Close'}
2025-09-10 15:51:02,688 - INFO - Date column name from mapping: Date
2025-09-10 15:51:02,688 - INFO - Sample DF columns: ['Date', 'Open', 'High', 'Low', 'Close', 'Comment']
2025-09-10 15:51:02,688 - INFO - Extracted 20 date samples: ['1/01/2000', '2/01/2000', '3/01/2000', '4/01/2000', '5/01/2000']
2025-09-10 15:51:02,688 - INFO - Detected date format: %d/%m/%Y (confidence: 100.0%)
2025-09-10 15:51:02,688 - INFO - Overall detection confidence: 92.0%
2025-09-10 15:51:02,688 - INFO - Successfully read CSV with shape: (41, 6)
2025-09-10 15:51:02,688 - INFO - Renamed columns using header mapping
2025-09-10 15:51:02,688 - INFO - Price column cleaned: [1.0, 2.0, 3.0, 4.0, 5.0]
2025-09-10 15:51:02,688 - INFO - Date conversion successful with detected format: %d/%m/%Y
2025-09-10 15:51:02,688 - INFO - Data sorted by date. Range: 2000-01-01 00:00:00 to 2000-02-10 00:00:00
2025-09-10 15:51:02,688 - INFO - Final data shape: (41, 6)
2025-09-10 15:51:03,974 - INFO - Backtest completed with 816 results
2025-09-10 15:51:11,356 - INFO - Reading CSV file with smart detection: C:/Users/Kcrow/OneDrive/Documents/SPY Buy Sell Strategy Analysis/TestData.csv
2025-09-10 15:51:11,358 - INFO - Detected structure: delimiter=',', has_header=True, confidence=80.0%
2025-09-10 15:51:11,358 - INFO - Sample data shape: (20, 6)
2025-09-10 15:51:11,360 - INFO - Sample columns: ['Date', 'Open', 'High', 'Low', 'Close', 'Comment']
2025-09-10 15:51:11,360 - INFO - Column mapping: {'Date': 'Date', 'Price': 'Close'}
2025-09-10 15:51:11,360 - INFO - Date column name from mapping: Date
2025-09-10 15:51:11,360 - INFO - Sample DF columns: ['Date', 'Open', 'High', 'Low', 'Close', 'Comment']
2025-09-10 15:51:11,360 - INFO - Extracted 20 date samples: ['1/01/2000', '2/01/2000', '3/01/2000', '4/01/2000', '5/01/2000']
2025-09-10 15:51:11,362 - INFO - Detected date format: %d/%m/%Y (confidence: 100.0%)
2025-09-10 15:51:11,362 - INFO - Overall detection confidence: 92.0%
2025-09-10 15:51:11,363 - INFO - Successfully read CSV with shape: (41, 6)
2025-09-10 15:51:11,364 - INFO - Renamed columns using header mapping
2025-09-10 15:51:11,365 - INFO - Price column cleaned: [1.0, 2.0, 3.0, 4.0, 5.0]
2025-09-10 15:51:11,365 - INFO - Date conversion successful with detected format: %d/%m/%Y
2025-09-10 15:51:11,366 - INFO - Data sorted by date. Range: 2000-01-01 00:00:00 to 2000-02-10 00:00:00
2025-09-10 15:51:11,366 - INFO - Final data shape: (41, 6)
2025-09-10 15:52:23,475 - INFO - Reading CSV file with smart detection: C:/Users/Kcrow/OneDrive/Documents/SPY Buy Sell Strategy Analysis/TestData.csv
2025-09-10 15:52:23,477 - INFO - Detected structure: delimiter=',', has_header=False, confidence=60.0%
2025-09-10 15:52:23,479 - INFO - Sample data shape: (20, 6)
2025-09-10 15:52:23,480 - INFO - Sample columns: [0, 1, 2, 3, 4, 5]
2025-09-10 15:52:23,480 - INFO - No headers detected, using positional mapping
2025-09-10 15:52:23,480 - INFO - Date column name from mapping: 0
2025-09-10 15:52:23,481 - INFO - Sample DF columns: [0, 1, 2, 3, 4, 5]
2025-09-10 15:52:23,481 - INFO - Extracted 20 date samples: ['1/01/2000', '2/01/2000', '3/01/2000', '4/01/2000', '5/01/2000']
2025-09-10 15:52:23,482 - INFO - Detected date format: %d/%m/%Y (confidence: 100.0%)
2025-09-10 15:52:23,482 - INFO - Overall detection confidence: 84.0%
2025-09-10 15:52:23,484 - INFO - Successfully read CSV with shape: (41, 6)
2025-09-10 15:52:23,484 - INFO - Assigned positional column names for headerless file
2025-09-10 15:52:23,486 - INFO - Price column cleaned: [94.80755918, 40.3791466, 36.85591389, 56.8454086, 72.59433642]
2025-09-10 15:52:23,487 - INFO - Date conversion successful with detected format: %d/%m/%Y
2025-09-10 15:52:23,488 - INFO - Data sorted by date. Range: 2000-01-01 00:00:00 to 2000-02-10 00:00:00
2025-09-10 15:52:23,488 - INFO - Final data shape: (41, 6)
2025-09-10 15:52:54,148 - INFO - Starting Trading Strategy Analysis Tool
2025-09-10 15:52:55,559 - INFO - Reading CSV file with smart detection: C:\Users\Kcrow\OneDrive\Documents\SPY Buy Sell Strategy Analysis\SPY Price History.csv
2025-09-10 15:52:55,565 - INFO - Detected structure: delimiter=',', has_header=False, confidence=60.0%
2025-09-10 15:52:55,570 - INFO - Sample data shape: (20, 2)
2025-09-10 15:52:55,571 - INFO - Sample columns: [0, 1]
2025-09-10 15:52:55,571 - INFO - No headers detected, using positional mapping
2025-09-10 15:52:55,572 - INFO - Date column name from mapping: 0
2025-09-10 15:52:55,572 - INFO - Sample DF columns: [0, 1]
2025-09-10 15:52:55,573 - INFO - Extracted 20 date samples: ['3/01/2000', '4/01/2000', '5/01/2000', '6/01/2000', '7/01/2000']
2025-09-10 15:52:55,573 - INFO - Detected date format: %d/%m/%Y (confidence: 100.0%)
2025-09-10 15:52:55,573 - INFO - Overall detection confidence: 84.0%
2025-09-10 15:52:55,578 - INFO - Successfully read CSV with shape: (6456, 2)
2025-09-10 15:52:55,579 - INFO - Assigned positional column names for headerless file
2025-09-10 15:52:55,583 - INFO - Price column cleaned: [145.44, 139.75, 140.0, 137.75, 145.75]
2025-09-10 15:52:55,595 - INFO - Date conversion successful with detected format: %d/%m/%Y
2025-09-10 15:52:55,597 - INFO - Data sorted by date. Range: 2000-01-03 00:00:00 to 2025-09-03 00:00:00
2025-09-10 15:52:55,597 - INFO - Final data shape: (6456, 2)
2025-09-10 15:53:06,671 - INFO - Reading CSV file with smart detection: C:/Users/Kcrow/OneDrive/Documents/SPY Buy Sell Strategy Analysis/TestData.csv
2025-09-10 15:53:06,676 - INFO - Detected structure: delimiter=',', has_header=False, confidence=60.0%
2025-09-10 15:53:06,678 - INFO - Sample data shape: (20, 6)
2025-09-10 15:53:06,678 - INFO - Sample columns: [0, 1, 2, 3, 4, 5]
2025-09-10 15:53:06,678 - INFO - No headers detected, using positional mapping
2025-09-10 15:53:06,678 - INFO - Date column name from mapping: 0
2025-09-10 15:53:06,678 - INFO - Sample DF columns: [0, 1, 2, 3, 4, 5]
2025-09-10 15:53:06,678 - INFO - Extracted 20 date samples: ['1/01/2000', '2/01/2000', '3/01/2000', '4/01/2000', '5/01/2000']
2025-09-10 15:53:06,678 - INFO - Detected date format: %d/%m/%Y (confidence: 100.0%)
2025-09-10 15:53:06,678 - INFO - Overall detection confidence: 84.0%
2025-09-10 15:53:06,678 - INFO - Successfully read CSV with shape: (41, 6)
2025-09-10 15:53:06,681 - INFO - Assigned positional column names for headerless file
2025-09-10 15:53:06,682 - INFO - Price column cleaned: [94.80755918, 40.3791466, 36.85591389, 56.8454086, 72.59433642]
2025-09-10 15:53:06,682 - INFO - Date conversion successful with detected format: %d/%m/%Y
2025-09-10 15:53:06,683 - INFO - Data sorted by date. Range: 2000-01-01 00:00:00 to 2000-02-10 00:00:00
2025-09-10 15:53:06,683 - INFO - Final data shape: (41, 6)
2025-09-10 15:53:58,883 - INFO - Reading CSV file with smart detection: C:/Users/Kcrow/OneDrive/Documents/SPY Buy Sell Strategy Analysis/TestData.csv
2025-09-10 15:53:58,885 - INFO - Detected structure: delimiter=',', has_header=False, confidence=60.0%
2025-09-10 15:53:58,888 - INFO - Sample data shape: (20, 3)
2025-09-10 15:53:58,888 - INFO - Sample columns: [0, 1, 2]
2025-09-10 15:53:58,888 - INFO - No headers detected, using positional mapping
2025-09-10 15:53:58,888 - INFO - Date column name from mapping: 0
2025-09-10 15:53:58,888 - INFO - Sample DF columns: [0, 1, 2]
2025-09-10 15:53:58,892 - INFO - Extracted 20 date samples: ['1/01/2000', '2/01/2000', '3/01/2000', '4/01/2000', '5/01/2000']
2025-09-10 15:53:58,892 - INFO - Detected date format: %d/%m/%Y (confidence: 100.0%)
2025-09-10 15:53:58,892 - INFO - Overall detection confidence: 84.0%
2025-09-10 15:53:58,893 - INFO - Successfully read CSV with shape: (41, 3)
2025-09-10 15:53:58,893 - WARNING - Could not map required columns, assuming first two columns
2025-09-10 15:53:58,894 - ERROR - Data validation error: Price column not found in data
2025-09-10 15:54:09,618 - INFO - Reading CSV file with smart detection: C:/Users/Kcrow/OneDrive/Documents/SPY Buy Sell Strategy Analysis/TestData.csv
2025-09-10 15:54:09,624 - INFO - Detected structure: delimiter=',', has_header=False, confidence=60.0%
2025-09-10 15:54:09,626 - INFO - Sample data shape: (20, 3)
2025-09-10 15:54:09,627 - INFO - Sample columns: [0, 1, 2]
2025-09-10 15:54:09,627 - INFO - No headers detected, using positional mapping
2025-09-10 15:54:09,627 - INFO - Date column name from mapping: 0
2025-09-10 15:54:09,627 - INFO - Sample DF columns: [0, 1, 2]
2025-09-10 15:54:09,629 - INFO - Extracted 20 date samples: ['1/01/2000', '2/01/2000', '3/01/2000', '4/01/2000', '5/01/2000']
2025-09-10 15:54:09,629 - INFO - Detected date format: %d/%m/%Y (confidence: 100.0%)
2025-09-10 15:54:09,630 - INFO - Overall detection confidence: 84.0%
2025-09-10 15:54:09,631 - INFO - Successfully read CSV with shape: (41, 3)
2025-09-10 15:54:09,631 - WARNING - Could not map required columns, assuming first two columns
2025-09-10 15:54:09,631 - ERROR - Data validation error: Price column not found in data
2025-09-10 15:54:19,966 - INFO - Reading CSV file with smart detection: C:/Users/Kcrow/OneDrive/Documents/SPY Buy Sell Strategy Analysis/TestData.csv
2025-09-10 15:54:19,968 - INFO - Detected structure: delimiter=',', has_header=False, confidence=60.0%
2025-09-10 15:54:19,968 - INFO - Sample data shape: (20, 3)
2025-09-10 15:54:19,968 - INFO - Sample columns: [0, 1, 2]
2025-09-10 15:54:19,968 - INFO - No headers detected, using positional mapping
2025-09-10 15:54:19,968 - INFO - Date column name from mapping: 0
2025-09-10 15:54:19,968 - INFO - Sample DF columns: [0, 1, 2]
2025-09-10 15:54:19,974 - INFO - Extracted 20 date samples: ['1/01/2000', '2/01/2000', '3/01/2000', '4/01/2000', '5/01/2000']
2025-09-10 15:54:19,974 - INFO - Detected date format: %d/%m/%Y (confidence: 100.0%)
2025-09-10 15:54:19,974 - INFO - Overall detection confidence: 84.0%
2025-09-10 15:54:19,977 - INFO - Successfully read CSV with shape: (41, 3)
2025-09-10 15:54:19,977 - WARNING - Could not map required columns, assuming first two columns
2025-09-10 15:54:19,977 - ERROR - Data validation error: Price column not found in data
2025-09-10 15:55:43,848 - INFO - Reading CSV file with smart detection: C:/Users/Kcrow/OneDrive/Documents/SPY Buy Sell Strategy Analysis/TestData.csv
2025-09-10 15:55:43,854 - INFO - Detected structure: delimiter=',', has_header=False, confidence=60.0%
2025-09-10 15:55:43,854 - INFO - Sample data shape: (20, 3)
2025-09-10 15:55:43,857 - INFO - Sample columns: [0, 1, 2]
2025-09-10 15:55:43,857 - INFO - No headers detected, using positional mapping
2025-09-10 15:55:43,857 - INFO - Date column name from mapping: 0
2025-09-10 15:55:43,858 - INFO - Sample DF columns: [0, 1, 2]
2025-09-10 15:55:43,858 - INFO - Extracted 20 date samples: ['1/01/2000', '2/01/2000', '3/01/2000', '4/01/2000', '5/01/2000']
2025-09-10 15:55:43,859 - INFO - Detected date format: %d/%m/%Y (confidence: 100.0%)
2025-09-10 15:55:43,859 - INFO - Overall detection confidence: 84.0%
2025-09-10 15:55:43,860 - INFO - Successfully read CSV with shape: (41, 3)
2025-09-10 15:55:43,860 - WARNING - Could not map required columns, assuming first two columns
2025-09-10 15:55:43,862 - ERROR - Data validation error: Price column not found in data
2025-09-10 15:58:12,478 - INFO - Starting Trading Strategy Analysis Tool
2025-09-10 15:58:15,634 - INFO - Reading CSV file with smart detection: C:\Users\Kcrow\OneDrive\Documents\SPY Buy Sell Strategy Analysis\SPY Price History.csv
2025-09-10 15:58:15,638 - INFO - Detected structure: delimiter=',', has_header=False, confidence=60.0%
2025-09-10 15:58:15,638 - INFO - Sample data shape: (20, 2)
2025-09-10 15:58:15,638 - INFO - Sample columns: [0, 1]
2025-09-10 15:58:15,638 - INFO - No headers detected, using positional mapping
2025-09-10 15:58:15,638 - INFO - Date column name from mapping: 0
2025-09-10 15:58:15,638 - INFO - Sample DF columns: [0, 1]
2025-09-10 15:58:15,648 - INFO - Extracted 20 date samples: ['3/01/2000', '4/01/2000', '5/01/2000', '6/01/2000', '7/01/2000']
2025-09-10 15:58:15,648 - INFO - Detected date format: %d/%m/%Y (confidence: 100.0%)
2025-09-10 15:58:15,648 - INFO - Overall detection confidence: 84.0%
2025-09-10 15:58:15,653 - INFO - Successfully read CSV with shape: (6456, 2)
2025-09-10 15:58:15,654 - INFO - Before column mapping - columns: [0, 1]
2025-09-10 15:58:15,655 - INFO - Column mapping check: Date=0, Price=1
2025-09-10 15:58:15,656 - INFO - Assigned positional column names: [0, 1] -> ['Date', 'Price']
2025-09-10 15:58:15,656 - INFO - After column mapping - columns: ['Date', 'Price']
2025-09-10 15:58:15,658 - INFO - Price column cleaned: [145.44, 139.75, 140.0, 137.75, 145.75]
2025-09-10 15:58:15,672 - INFO - Date conversion successful with detected format: %d/%m/%Y
2025-09-10 15:58:15,672 - INFO - Data sorted by date. Range: 2000-01-03 00:00:00 to 2025-09-03 00:00:00
2025-09-10 15:58:15,672 - INFO - Final data shape: (6456, 2)
2025-09-10 15:58:28,789 - INFO - Reading CSV file with smart detection: C:/Users/Kcrow/OneDrive/Documents/SPY Buy Sell Strategy Analysis/TestData.csv
2025-09-10 15:58:28,793 - INFO - Detected structure: delimiter=',', has_header=False, confidence=60.0%
2025-09-10 15:58:28,793 - INFO - Sample data shape: (20, 3)
2025-09-10 15:58:28,793 - INFO - Sample columns: [0, 1, 2]
2025-09-10 15:58:28,793 - INFO - No headers detected, using positional mapping
2025-09-10 15:58:28,793 - INFO - Date column name from mapping: 0
2025-09-10 15:58:28,793 - INFO - Sample DF columns: [0, 1, 2]
2025-09-10 15:58:28,793 - INFO - Extracted 20 date samples: ['1/01/2000', '2/01/2000', '3/01/2000', '4/01/2000', '5/01/2000']
2025-09-10 15:58:28,793 - INFO - Detected date format: %d/%m/%Y (confidence: 100.0%)
2025-09-10 15:58:28,793 - INFO - Overall detection confidence: 84.0%
2025-09-10 15:58:28,793 - INFO - Successfully read CSV with shape: (41, 3)
2025-09-10 15:58:28,793 - INFO - Before column mapping - columns: [0, 1, 2]
2025-09-10 15:58:28,793 - INFO - Column mapping check: Date=0, Price=1
2025-09-10 15:58:28,797 - INFO - Assigned positional column names: [0, 1, 2] -> ['Date', 'Price', 2]
2025-09-10 15:58:28,797 - INFO - After column mapping - columns: ['Date', 'Price', 2]
2025-09-10 15:58:28,797 - INFO - Price column cleaned: [1.0, 2.0, 3.0, 4.0, 5.0]
2025-09-10 15:58:28,798 - INFO - Date conversion successful with detected format: %d/%m/%Y
2025-09-10 15:58:28,799 - INFO - Data sorted by date. Range: 2000-01-01 00:00:00 to 2000-02-10 00:00:00
2025-09-10 15:58:28,800 - INFO - Final data shape: (41, 3)
2025-09-10 16:06:57,573 - INFO - Reading CSV file with smart detection: C:/Users/Kcrow/OneDrive/Documents/SPY Buy Sell Strategy Analysis/Test Data - OHLC two comment columns with header.csv
2025-09-10 16:06:57,576 - INFO - Detected structure: delimiter=',', has_header=True, confidence=80.0%
2025-09-10 16:06:57,576 - INFO - Sample data shape: (20, 7)
2025-09-10 16:06:57,578 - INFO - Sample columns: ['Date', 'Open ', 'High', 'Low', 'Close', 'Comment', 'Another comment']
2025-09-10 16:06:57,578 - INFO - Column mapping: {'Date': 'Date', 'Price': 'Close'}
2025-09-10 16:06:57,578 - INFO - Date column name from mapping: Date
2025-09-10 16:06:57,578 - INFO - Sample DF columns: ['Date', 'Open ', 'High', 'Low', 'Close', 'Comment', 'Another comment']
2025-09-10 16:06:57,580 - INFO - Extracted 20 date samples: ['1/01/2000', '2/01/2000', '3/01/2000', '4/01/2000', '5/01/2000']
2025-09-10 16:06:57,580 - INFO - Detected date format: %d/%m/%Y (confidence: 100.0%)
2025-09-10 16:06:57,580 - INFO - Overall detection confidence: 92.0%
2025-09-10 16:06:57,581 - INFO - Successfully read CSV with shape: (27, 7)
2025-09-10 16:06:57,582 - INFO - Before column mapping - columns: ['Date', 'Open ', 'High', 'Low', 'Close', 'Comment', 'Another comment']
2025-09-10 16:06:57,582 - INFO - Column mapping check: Date=Date, Price=Close
2025-09-10 16:06:57,582 - INFO - Renamed columns using header mapping
2025-09-10 16:06:57,582 - INFO - After column mapping - columns: ['Date', 'Open ', 'High', 'Low', 'Price', 'Comment', 'Another comment']
2025-09-10 16:06:57,583 - INFO - Price column cleaned: [1.0, 2.0, 3.0, 4.0, 5.0]
2025-09-10 16:06:57,584 - INFO - Date conversion successful with detected format: %d/%m/%Y
2025-09-10 16:06:57,584 - WARNING - 1 rows have invalid dates
2025-09-10 16:06:57,586 - INFO - Data sorted by date. Range: 2000-01-01 00:00:00 to 2000-01-26 00:00:00
2025-09-10 16:06:57,586 - INFO - Final data shape: (26, 7)
2025-09-10 16:07:09,322 - INFO - Reading CSV file with smart detection: C:/Users/Kcrow/OneDrive/Documents/SPY Buy Sell Strategy Analysis/Test Data - OHLC two comment columns NO header.csv
2025-09-10 16:07:09,328 - INFO - Detected structure: delimiter=',', has_header=False, confidence=60.0%
2025-09-10 16:07:09,330 - INFO - Sample data shape: (20, 7)
2025-09-10 16:07:09,330 - INFO - Sample columns: [0, 1, 2, 3, 4, 5, 6]
2025-09-10 16:07:09,330 - INFO - No headers detected, using positional mapping
2025-09-10 16:07:09,330 - INFO - Date column name from mapping: 0
2025-09-10 16:07:09,332 - INFO - Sample DF columns: [0, 1, 2, 3, 4, 5, 6]
2025-09-10 16:07:09,332 - INFO - Extracted 20 date samples: ['1/01/2000', '2/01/2000', '3/01/2000', '4/01/2000', '5/01/2000']
2025-09-10 16:07:09,333 - INFO - Detected date format: %d/%m/%Y (confidence: 100.0%)
2025-09-10 16:07:09,333 - INFO - Overall detection confidence: 84.0%
2025-09-10 16:07:09,334 - INFO - Successfully read CSV with shape: (27, 7)
2025-09-10 16:07:09,334 - INFO - Before column mapping - columns: [0, 1, 2, 3, 4, 5, 6]
2025-09-10 16:07:09,334 - INFO - Column mapping check: Date=0, Price=1
2025-09-10 16:07:09,334 - INFO - Assigned positional column names: [0, 1, 2, 3, 4, 5, 6] -> ['Date', 'Price', 2, 3, 4, 5, 6]
2025-09-10 16:07:09,334 - INFO - After column mapping - columns: ['Date', 'Price', 2, 3, 4, 5, 6]
2025-09-10 16:07:09,335 - INFO - Price column cleaned: [20.24792681, 6.44349813, 34.79841055, 87.9975708, 87.42128885]
2025-09-10 16:07:09,336 - INFO - Date conversion successful with detected format: %d/%m/%Y
2025-09-10 16:07:09,336 - WARNING - 1 rows have invalid dates
2025-09-10 16:07:09,337 - INFO - Data sorted by date. Range: 2000-01-01 00:00:00 to 2000-01-26 00:00:00
2025-09-10 16:07:09,337 - INFO - Final data shape: (26, 7)
2025-09-10 16:07:34,499 - INFO - Starting Trading Strategy Analysis Tool
2025-09-10 16:07:37,440 - INFO - Reading CSV file with smart detection: C:\Users\Kcrow\OneDrive\Documents\SPY Buy Sell Strategy Analysis\SPY Price History.csv
2025-09-10 16:07:37,442 - INFO - Detected structure: delimiter=',', has_header=False, confidence=60.0%
2025-09-10 16:07:37,448 - INFO - Sample data shape: (20, 2)
2025-09-10 16:07:37,448 - INFO - Sample columns: [0, 1]
2025-09-10 16:07:37,448 - INFO - No headers detected, using positional mapping
2025-09-10 16:07:37,448 - INFO - Date column name from mapping: 0
2025-09-10 16:07:37,448 - INFO - Sample DF columns: [0, 1]
2025-09-10 16:07:37,448 - INFO - Extracted 20 date samples: ['3/01/2000', '4/01/2000', '5/01/2000', '6/01/2000', '7/01/2000']
2025-09-10 16:07:37,451 - INFO - Detected date format: %d/%m/%Y (confidence: 100.0%)
2025-09-10 16:07:37,451 - INFO - Overall detection confidence: 84.0%
2025-09-10 16:07:37,454 - INFO - Successfully read CSV with shape: (6456, 2)
2025-09-10 16:07:37,454 - INFO - Before column mapping - columns: [0, 1]
2025-09-10 16:07:37,454 - INFO - Column mapping check: Date=0, Price=1
2025-09-10 16:07:37,454 - INFO - Assigned positional column names: [0, 1] -> ['Date', 'Price']
2025-09-10 16:07:37,454 - INFO - After column mapping - columns: ['Date', 'Price']
2025-09-10 16:07:37,461 - INFO - Price column cleaned: [145.44, 139.75, 140.0, 137.75, 145.75]
2025-09-10 16:07:37,470 - INFO - Date conversion successful with detected format: %d/%m/%Y
2025-09-10 16:07:37,481 - INFO - Data sorted by date. Range: 2000-01-03 00:00:00 to 2025-09-03 00:00:00
2025-09-10 16:07:37,481 - INFO - Final data shape: (6456, 2)
2025-09-10 16:07:56,376 - INFO - Starting Trading Strategy Analysis Tool
2025-09-10 16:08:07,536 - INFO - Reading CSV file with smart detection: C:/Users/Kcrow/OneDrive/Documents/SPY Buy Sell Strategy Analysis/Test Data - OHLC two comment columns with header.csv
2025-09-10 16:08:07,538 - INFO - Detected structure: delimiter=',', has_header=True, confidence=80.0%
2025-09-10 16:08:07,541 - INFO - Sample data shape: (20, 7)
2025-09-10 16:08:07,541 - INFO - Sample columns: ['Date', 'Open ', 'High', 'Low', 'Close', 'Comment', 'Another comment']
2025-09-10 16:08:07,541 - INFO - Column mapping: {'Date': 'Date', 'Price': 'Close'}
2025-09-10 16:08:07,541 - INFO - Date column name from mapping: Date
2025-09-10 16:08:07,541 - INFO - Sample DF columns: ['Date', 'Open ', 'High', 'Low', 'Close', 'Comment', 'Another comment']
2025-09-10 16:08:07,545 - INFO - Extracted 20 date samples: ['1/01/2000', '2/01/2000', '3/01/2000', '4/01/2000', '5/01/2000']
2025-09-10 16:08:07,545 - INFO - Detected date format: %d/%m/%Y (confidence: 100.0%)
2025-09-10 16:08:07,545 - INFO - Overall detection confidence: 92.0%
2025-09-10 16:08:07,546 - INFO - Successfully read CSV with shape: (27, 7)
2025-09-10 16:08:07,547 - INFO - Before column mapping - columns: ['Date', 'Open ', 'High', 'Low', 'Close', 'Comment', 'Another comment']
2025-09-10 16:08:07,547 - INFO - Column mapping check: Date=Date, Price=Close
2025-09-10 16:08:07,547 - INFO - Renamed columns using header mapping
2025-09-10 16:08:07,547 - INFO - After column mapping - columns: ['Date', 'Open ', 'High', 'Low', 'Price', 'Comment', 'Another comment']
2025-09-10 16:08:07,548 - INFO - Price column cleaned: [1.0, 2.0, 3.0, 4.0, 5.0]
2025-09-10 16:08:07,549 - INFO - Date conversion successful with detected format: %d/%m/%Y
2025-09-10 16:08:07,549 - WARNING - 1 rows have invalid dates
2025-09-10 16:08:07,550 - INFO - Data sorted by date. Range: 2000-01-01 00:00:00 to 2000-01-26 00:00:00
2025-09-10 16:08:07,550 - INFO - Final data shape: (26, 7)
2025-09-10 16:10:03,998 - INFO - Reading CSV file with smart detection: C:/Users/Kcrow/OneDrive/Documents/SPY Buy Sell Strategy Analysis/Test Data - Close and two comment columns NO header.csv
2025-09-10 16:10:04,000 - INFO - Detected structure: delimiter=',', has_header=False, confidence=60.0%
2025-09-10 16:10:04,002 - INFO - Sample data shape: (20, 4)
2025-09-10 16:10:04,002 - INFO - Sample columns: [0, 1, 2, 3]
2025-09-10 16:10:04,002 - INFO - No headers detected, using positional mapping
2025-09-10 16:10:04,002 - INFO - Date column name from mapping: 0
2025-09-10 16:10:04,002 - INFO - Sample DF columns: [0, 1, 2, 3]
2025-09-10 16:10:04,002 - INFO - Extracted 20 date samples: ['1/01/2000', '2/01/2000', '3/01/2000', '4/01/2000', '5/01/2000']
2025-09-10 16:10:04,002 - INFO - Detected date format: %d/%m/%Y (confidence: 100.0%)
2025-09-10 16:10:04,002 - INFO - Overall detection confidence: 84.0%
2025-09-10 16:10:04,004 - INFO - Successfully read CSV with shape: (27, 4)
2025-09-10 16:10:04,004 - INFO - Before column mapping - columns: [0, 1, 2, 3]
2025-09-10 16:10:04,004 - INFO - Column mapping check: Date=0, Price=1
2025-09-10 16:10:04,004 - INFO - Assigned positional column names: [0, 1, 2, 3] -> ['Date', 'Price', 2, 3]
2025-09-10 16:10:04,004 - INFO - After column mapping - columns: ['Date', 'Price', 2, 3]
2025-09-10 16:10:04,004 - INFO - Price column cleaned: [1.0, 2.0, 3.0, 4.0, 5.0]
2025-09-10 16:10:04,006 - INFO - Date conversion successful with detected format: %d/%m/%Y
2025-09-10 16:10:04,006 - WARNING - 1 rows have invalid dates
2025-09-10 16:10:04,009 - INFO - Data sorted by date. Range: 2000-01-01 00:00:00 to 2000-01-26 00:00:00
2025-09-10 16:10:04,009 - INFO - Final data shape: (26, 4)
2025-09-10 16:11:32,238 - INFO - Starting Trading Strategy Analysis Tool
2025-09-10 16:14:32,898 - INFO - Starting Trading Strategy Analysis Tool
2025-09-10 16:14:54,780 - INFO - Reading CSV file with smart detection: C:/Users/Kcrow/OneDrive/Documents/SPY Buy Sell Strategy Analysis/SPY Price History.csv
2025-09-10 16:14:54,783 - INFO - Detected structure: delimiter=',', has_header=False, confidence=60.0%
2025-09-10 16:14:54,788 - INFO - Sample data shape: (20, 2)
2025-09-10 16:14:54,788 - INFO - Sample columns: [0, 1]
2025-09-10 16:14:54,788 - INFO - No headers detected, using positional mapping
2025-09-10 16:14:54,788 - INFO - Date column name from mapping: 0
2025-09-10 16:14:54,788 - INFO - Sample DF columns: [0, 1]
2025-09-10 16:14:54,788 - INFO - Extracted 20 date samples: ['3/01/2000', '4/01/2000', '5/01/2000', '6/01/2000', '7/01/2000']
2025-09-10 16:14:54,791 - INFO - Detected date format: %d/%m/%Y (confidence: 100.0%)
2025-09-10 16:14:54,791 - INFO - Overall detection confidence: 84.0%
2025-09-10 16:14:54,796 - INFO - Successfully read CSV with shape: (6456, 2)
2025-09-10 16:14:54,796 - INFO - Before column mapping - columns: [0, 1]
2025-09-10 16:14:54,796 - INFO - Column mapping check: Date=0, Price=1
2025-09-10 16:14:54,796 - INFO - Assigned positional column names: [0, 1] -> ['Date', 'Price']
2025-09-10 16:14:54,796 - INFO - After column mapping - columns: ['Date', 'Price']
2025-09-10 16:14:54,801 - INFO - Price column cleaned: [145.44, 139.75, 140.0, 137.75, 145.75]
2025-09-10 16:14:54,810 - INFO - Date conversion successful with detected format: %d/%m/%Y
2025-09-10 16:14:54,810 - INFO - Data sorted by date. Range: 2000-01-03 00:00:00 to 2025-09-03 00:00:00
2025-09-10 16:14:54,810 - INFO - Final data shape: (6456, 2)
2025-09-10 16:15:02,312 - INFO - Reading CSV file with smart detection: C:/Users/Kcrow/OneDrive/Documents/SPY Buy Sell Strategy Analysis/SPY Price History.csv
2025-09-10 16:15:02,314 - INFO - Detected structure: delimiter=',', has_header=False, confidence=60.0%
2025-09-10 16:15:02,318 - INFO - Sample data shape: (20, 2)
2025-09-10 16:15:02,318 - INFO - Sample columns: [0, 1]
2025-09-10 16:15:02,318 - INFO - No headers detected, using positional mapping
2025-09-10 16:15:02,318 - INFO - Date column name from mapping: 0
2025-09-10 16:15:02,318 - INFO - Sample DF columns: [0, 1]
2025-09-10 16:15:02,318 - INFO - Extracted 20 date samples: ['3/01/2000', '4/01/2000', '5/01/2000', '6/01/2000', '7/01/2000']
2025-09-10 16:15:02,318 - INFO - Detected date format: %d/%m/%Y (confidence: 100.0%)
2025-09-10 16:15:02,318 - INFO - Overall detection confidence: 84.0%
2025-09-10 16:15:02,325 - INFO - Successfully read CSV with shape: (6456, 2)
2025-09-10 16:15:02,325 - INFO - Before column mapping - columns: [0, 1]
2025-09-10 16:15:02,325 - INFO - Column mapping check: Date=0, Price=1
2025-09-10 16:15:02,325 - INFO - Assigned positional column names: [0, 1] -> ['Date', 'Price']
2025-09-10 16:15:02,326 - INFO - After column mapping - columns: ['Date', 'Price']
2025-09-10 16:15:02,329 - INFO - Price column cleaned: [145.44, 139.75, 140.0, 137.75, 145.75]
2025-09-10 16:15:02,338 - INFO - Date conversion successful with detected format: %d/%m/%Y
2025-09-10 16:15:02,339 - INFO - Data sorted by date. Range: 2000-01-03 00:00:00 to 2025-09-03 00:00:00
2025-09-10 16:15:02,339 - INFO - Final data shape: (6456, 2)
2025-09-10 16:15:19,220 - INFO - Optimized slope calculation took: 0.11 seconds
2025-09-10 16:15:22,250 - INFO - Optimized slope calculation took: 0.12 seconds
2025-09-10 16:15:24,990 - INFO - Optimized slope calculation took: 0.11 seconds
2025-09-10 16:15:26,701 - INFO - Optimized slope calculation took: 0.13 seconds
2025-09-10 16:15:36,080 - INFO - Starting backtest execution
2025-09-10 16:15:36,082 - INFO - Starting backtest
2025-09-10 16:15:36,082 - INFO - Reading CSV file with smart detection: C:/Users/Kcrow/OneDrive/Documents/SPY Buy Sell Strategy Analysis/SPY Price History.csv
2025-09-10 16:15:36,084 - INFO - Detected structure: delimiter=',', has_header=False, confidence=60.0%
2025-09-10 16:15:36,086 - INFO - Sample data shape: (20, 2)
2025-09-10 16:15:36,088 - INFO - Sample columns: [0, 1]
2025-09-10 16:15:36,088 - INFO - No headers detected, using positional mapping
2025-09-10 16:15:36,088 - INFO - Date column name from mapping: 0
2025-09-10 16:15:36,088 - INFO - Sample DF columns: [0, 1]
2025-09-10 16:15:36,088 - INFO - Extracted 20 date samples: ['3/01/2000', '4/01/2000', '5/01/2000', '6/01/2000', '7/01/2000']
2025-09-10 16:15:36,088 - INFO - Detected date format: %d/%m/%Y (confidence: 100.0%)
2025-09-10 16:15:36,088 - INFO - Overall detection confidence: 84.0%
2025-09-10 16:15:36,093 - INFO - Successfully read CSV with shape: (6456, 2)
2025-09-10 16:15:36,094 - INFO - Before column mapping - columns: [0, 1]
2025-09-10 16:15:36,094 - INFO - Column mapping check: Date=0, Price=1
2025-09-10 16:15:36,094 - INFO - Assigned positional column names: [0, 1] -> ['Date', 'Price']
2025-09-10 16:15:36,094 - INFO - After column mapping - columns: ['Date', 'Price']
2025-09-10 16:15:36,098 - INFO - Price column cleaned: [145.44, 139.75, 140.0, 137.75, 145.75]
2025-09-10 16:15:36,105 - INFO - Date conversion successful with detected format: %d/%m/%Y
2025-09-10 16:15:36,108 - INFO - Data sorted by date. Range: 2000-01-03 00:00:00 to 2025-09-03 00:00:00
2025-09-10 16:15:36,108 - INFO - Final data shape: (6456, 2)
2025-09-10 16:15:45,008 - INFO - Reading CSV file with smart detection: C:/Users/Kcrow/OneDrive/Documents/SPY Buy Sell Strategy Analysis/SPY Price History.csv
2025-09-10 16:15:45,008 - INFO - Detected structure: delimiter=',', has_header=False, confidence=60.0%
2025-09-10 16:15:45,016 - INFO - Sample data shape: (20, 2)
2025-09-10 16:15:45,016 - INFO - Sample columns: [0, 1]
2025-09-10 16:15:45,016 - INFO - No headers detected, using positional mapping
2025-09-10 16:15:45,016 - INFO - Date column name from mapping: 0
2025-09-10 16:15:45,016 - INFO - Sample DF columns: [0, 1]
2025-09-10 16:15:45,018 - INFO - Extracted 20 date samples: ['3/01/2000', '4/01/2000', '5/01/2000', '6/01/2000', '7/01/2000']
2025-09-10 16:15:45,018 - INFO - Detected date format: %d/%m/%Y (confidence: 100.0%)
2025-09-10 16:15:45,018 - INFO - Overall detection confidence: 84.0%
2025-09-10 16:15:45,022 - INFO - Successfully read CSV with shape: (6456, 2)
2025-09-10 16:15:45,022 - INFO - Before column mapping - columns: [0, 1]
2025-09-10 16:15:45,022 - INFO - Column mapping check: Date=0, Price=1
2025-09-10 16:15:45,022 - INFO - Assigned positional column names: [0, 1] -> ['Date', 'Price']
2025-09-10 16:15:45,022 - INFO - After column mapping - columns: ['Date', 'Price']
2025-09-10 16:15:45,029 - INFO - Price column cleaned: [145.44, 139.75, 140.0, 137.75, 145.75]
2025-09-10 16:15:45,035 - INFO - Date conversion successful with detected format: %d/%m/%Y
2025-09-10 16:15:45,039 - INFO - Data sorted by date. Range: 2000-01-03 00:00:00 to 2025-09-03 00:00:00
2025-09-10 16:15:45,039 - INFO - Final data shape: (6456, 2)
2025-09-10 16:15:53,704 - INFO - Starting backtest execution
2025-09-10 16:15:53,828 - INFO - Starting backtest
2025-09-10 16:15:53,828 - INFO - Reading CSV file with smart detection: C:/Users/Kcrow/OneDrive/Documents/SPY Buy Sell Strategy Analysis/SPY Price History.csv
2025-09-10 16:15:53,898 - INFO - Detected structure: delimiter=',', has_header=False, confidence=60.0%
2025-09-10 16:15:53,927 - INFO - Sample data shape: (20, 2)
2025-09-10 16:15:53,961 - INFO - Sample columns: [0, 1]
2025-09-10 16:15:53,968 - INFO - No headers detected, using positional mapping
2025-09-10 16:15:53,998 - INFO - Date column name from mapping: 0
2025-09-10 16:15:54,002 - INFO - Sample DF columns: [0, 1]
2025-09-10 16:15:54,002 - INFO - Extracted 20 date samples: ['3/01/2000', '4/01/2000', '5/01/2000', '6/01/2000', '7/01/2000']
2025-09-10 16:15:54,002 - INFO - Detected date format: %d/%m/%Y (confidence: 100.0%)
2025-09-10 16:15:54,003 - INFO - Overall detection confidence: 84.0%
2025-09-10 16:15:54,054 - INFO - Successfully read CSV with shape: (6456, 2)
2025-09-10 16:15:54,069 - INFO - Before column mapping - columns: [0, 1]
2025-09-10 16:15:54,070 - INFO - Column mapping check: Date=0, Price=1
2025-09-10 16:15:54,085 - INFO - Assigned positional column names: [0, 1] -> ['Date', 'Price']
2025-09-10 16:15:54,089 - INFO - After column mapping - columns: ['Date', 'Price']
2025-09-10 16:15:54,145 - INFO - Price column cleaned: [145.44, 139.75, 140.0, 137.75, 145.75]
2025-09-10 16:15:54,154 - INFO - Date conversion successful with detected format: %d/%m/%Y
2025-09-10 16:15:54,238 - INFO - Data sorted by date. Range: 2000-01-03 00:00:00 to 2025-09-03 00:00:00
2025-09-10 16:15:54,238 - INFO - Final data shape: (6456, 2)
2025-09-10 16:16:04,968 - INFO - Reading CSV file with smart detection: C:/Users/Kcrow/OneDrive/Documents/SPY Buy Sell Strategy Analysis/SPY Price History.csv
2025-09-10 16:16:05,062 - INFO - Detected structure: delimiter=',', has_header=False, confidence=60.0%
2025-09-10 16:16:05,066 - INFO - Sample data shape: (20, 2)
2025-09-10 16:16:05,067 - INFO - Sample columns: [0, 1]
2025-09-10 16:16:05,067 - INFO - No headers detected, using positional mapping
2025-09-10 16:16:05,068 - INFO - Date column name from mapping: 0
2025-09-10 16:16:05,068 - INFO - Sample DF columns: [0, 1]
2025-09-10 16:16:05,068 - INFO - Extracted 20 date samples: ['3/01/2000', '4/01/2000', '5/01/2000', '6/01/2000', '7/01/2000']
2025-09-10 16:16:05,068 - INFO - Detected date format: %d/%m/%Y (confidence: 100.0%)
2025-09-10 16:16:05,068 - INFO - Overall detection confidence: 84.0%
2025-09-10 16:16:05,074 - INFO - Successfully read CSV with shape: (6456, 2)
2025-09-10 16:16:05,074 - INFO - Before column mapping - columns: [0, 1]
2025-09-10 16:16:05,074 - INFO - Column mapping check: Date=0, Price=1
2025-09-10 16:16:05,074 - INFO - Assigned positional column names: [0, 1] -> ['Date', 'Price']
2025-09-10 16:16:05,074 - INFO - After column mapping - columns: ['Date', 'Price']
2025-09-10 16:16:05,078 - INFO - Price column cleaned: [145.44, 139.75, 140.0, 137.75, 145.75]
2025-09-10 16:16:05,088 - INFO - Date conversion successful with detected format: %d/%m/%Y
2025-09-10 16:16:05,094 - INFO - Data sorted by date. Range: 2000-01-03 00:00:00 to 2025-09-03 00:00:00
2025-09-10 16:16:05,094 - INFO - Final data shape: (6456, 2)
2025-09-10 16:16:31,066 - INFO - Starting backtest execution
2025-09-10 16:16:31,231 - INFO - Starting backtest
2025-09-10 16:16:31,231 - INFO - Reading CSV file with smart detection: C:/Users/Kcrow/OneDrive/Documents/SPY Buy Sell Strategy Analysis/SPY Price History.csv
2025-09-10 16:16:31,368 - INFO - Detected structure: delimiter=',', has_header=False, confidence=60.0%
2025-09-10 16:16:31,428 - INFO - Sample data shape: (20, 2)
2025-09-10 16:16:31,428 - INFO - Sample columns: [0, 1]
2025-09-10 16:16:31,453 - INFO - No headers detected, using positional mapping
2025-09-10 16:16:31,502 - INFO - Date column name from mapping: 0
2025-09-10 16:16:31,519 - INFO - Sample DF columns: [0, 1]
2025-09-10 16:16:31,525 - INFO - Extracted 20 date samples: ['3/01/2000', '4/01/2000', '5/01/2000', '6/01/2000', '7/01/2000']
2025-09-10 16:16:31,526 - INFO - Detected date format: %d/%m/%Y (confidence: 100.0%)
2025-09-10 16:16:31,528 - INFO - Overall detection confidence: 84.0%
2025-09-10 16:16:31,651 - INFO - Successfully read CSV with shape: (6456, 2)
2025-09-10 16:16:31,668 - INFO - Before column mapping - columns: [0, 1]
2025-09-10 16:16:31,668 - INFO - Column mapping check: Date=0, Price=1
2025-09-10 16:16:31,668 - INFO - Assigned positional column names: [0, 1] -> ['Date', 'Price']
2025-09-10 16:16:31,673 - INFO - After column mapping - columns: ['Date', 'Price']
2025-09-10 16:16:31,769 - INFO - Price column cleaned: [145.44, 139.75, 140.0, 137.75, 145.75]
2025-09-10 16:16:31,838 - INFO - Date conversion successful with detected format: %d/%m/%Y
2025-09-10 16:16:31,857 - INFO - Data sorted by date. Range: 2000-01-03 00:00:00 to 2025-09-03 00:00:00
2025-09-10 16:16:31,857 - INFO - Final data shape: (6456, 2)
2025-09-10 16:16:56,493 - INFO - Starting Trading Strategy Analysis Tool
2025-09-10 16:17:12,580 - INFO - Reading CSV file with smart detection: C:/Users/Kcrow/OneDrive/Documents/SPY Buy Sell Strategy Analysis/SPY Price History.csv
2025-09-10 16:17:12,584 - INFO - Detected structure: delimiter=',', has_header=False, confidence=60.0%
2025-09-10 16:17:12,588 - INFO - Sample data shape: (20, 2)
2025-09-10 16:17:12,588 - INFO - Sample columns: [0, 1]
2025-09-10 16:17:12,588 - INFO - No headers detected, using positional mapping
2025-09-10 16:17:12,588 - INFO - Date column name from mapping: 0
2025-09-10 16:17:12,588 - INFO - Sample DF columns: [0, 1]
2025-09-10 16:17:12,588 - INFO - Extracted 20 date samples: ['3/01/2000', '4/01/2000', '5/01/2000', '6/01/2000', '7/01/2000']
2025-09-10 16:17:12,590 - INFO - Detected date format: %d/%m/%Y (confidence: 100.0%)
2025-09-10 16:17:12,590 - INFO - Overall detection confidence: 84.0%
2025-09-10 16:17:12,595 - INFO - Successfully read CSV with shape: (6456, 2)
2025-09-10 16:17:12,595 - INFO - Before column mapping - columns: [0, 1]
2025-09-10 16:17:12,595 - INFO - Column mapping check: Date=0, Price=1
2025-09-10 16:17:12,595 - INFO - Assigned positional column names: [0, 1] -> ['Date', 'Price']
2025-09-10 16:17:12,596 - INFO - After column mapping - columns: ['Date', 'Price']
2025-09-10 16:17:12,600 - INFO - Price column cleaned: [145.44, 139.75, 140.0, 137.75, 145.75]
2025-09-10 16:17:12,610 - INFO - Date conversion successful with detected format: %d/%m/%Y
2025-09-10 16:17:12,613 - INFO - Data sorted by date. Range: 2000-01-03 00:00:00 to 2025-09-03 00:00:00
2025-09-10 16:17:12,613 - INFO - Final data shape: (6456, 2)
2025-09-10 16:17:34,128 - INFO - Starting backtest execution
2025-09-10 16:17:34,129 - INFO - Starting backtest
2025-09-10 16:17:34,129 - INFO - Reading CSV file with smart detection: C:/Users/Kcrow/OneDrive/Documents/SPY Buy Sell Strategy Analysis/SPY Price History.csv
2025-09-10 16:17:34,133 - INFO - Detected structure: delimiter=',', has_header=False, confidence=60.0%
2025-09-10 16:17:34,136 - INFO - Sample data shape: (20, 2)
2025-09-10 16:17:34,137 - INFO - Sample columns: [0, 1]
2025-09-10 16:17:34,137 - INFO - No headers detected, using positional mapping
2025-09-10 16:17:34,137 - INFO - Date column name from mapping: 0
2025-09-10 16:17:34,137 - INFO - Sample DF columns: [0, 1]
2025-09-10 16:17:34,137 - INFO - Extracted 20 date samples: ['3/01/2000', '4/01/2000', '5/01/2000', '6/01/2000', '7/01/2000']
2025-09-10 16:17:34,137 - INFO - Detected date format: %d/%m/%Y (confidence: 100.0%)
2025-09-10 16:17:34,138 - INFO - Overall detection confidence: 84.0%
2025-09-10 16:17:34,142 - INFO - Successfully read CSV with shape: (6456, 2)
2025-09-10 16:17:34,142 - INFO - Before column mapping - columns: [0, 1]
2025-09-10 16:17:34,143 - INFO - Column mapping check: Date=0, Price=1
2025-09-10 16:17:34,143 - INFO - Assigned positional column names: [0, 1] -> ['Date', 'Price']
2025-09-10 16:17:34,143 - INFO - After column mapping - columns: ['Date', 'Price']
2025-09-10 16:17:34,148 - INFO - Price column cleaned: [145.44, 139.75, 140.0, 137.75, 145.75]
2025-09-10 16:17:34,157 - INFO - Date conversion successful with detected format: %d/%m/%Y
2025-09-10 16:17:34,158 - INFO - Data sorted by date. Range: 2000-01-03 00:00:00 to 2025-09-03 00:00:00
2025-09-10 16:17:34,158 - INFO - Final data shape: (6456, 2)
2025-09-10 16:17:37,355 - INFO - Starting backtest execution
2025-09-10 16:17:37,394 - INFO - Starting backtest
2025-09-10 16:17:37,425 - INFO - Reading CSV file with smart detection: C:/Users/Kcrow/OneDrive/Documents/SPY Buy Sell Strategy Analysis/SPY Price History.csv
2025-09-10 16:17:37,442 - INFO - Detected structure: delimiter=',', has_header=False, confidence=60.0%
2025-09-10 16:17:37,498 - INFO - Sample data shape: (20, 2)
2025-09-10 16:17:37,511 - INFO - Sample columns: [0, 1]
2025-09-10 16:17:37,549 - INFO - No headers detected, using positional mapping
2025-09-10 16:17:37,561 - INFO - Date column name from mapping: 0
2025-09-10 16:17:37,562 - INFO - Sample DF columns: [0, 1]
2025-09-10 16:17:37,562 - INFO - Extracted 20 date samples: ['3/01/2000', '4/01/2000', '5/01/2000', '6/01/2000', '7/01/2000']
2025-09-10 16:17:37,562 - INFO - Detected date format: %d/%m/%Y (confidence: 100.0%)
2025-09-10 16:17:37,566 - INFO - Overall detection confidence: 84.0%
2025-09-10 16:17:37,628 - INFO - Successfully read CSV with shape: (6456, 2)
2025-09-10 16:17:37,654 - INFO - Before column mapping - columns: [0, 1]
2025-09-10 16:17:37,677 - INFO - Column mapping check: Date=0, Price=1
2025-09-10 16:17:37,695 - INFO - Assigned positional column names: [0, 1] -> ['Date', 'Price']
2025-09-10 16:17:37,703 - INFO - After column mapping - columns: ['Date', 'Price']
2025-09-10 16:17:37,709 - INFO - Price column cleaned: [145.44, 139.75, 140.0, 137.75, 145.75]
2025-09-10 16:17:37,788 - INFO - Date conversion successful with detected format: %d/%m/%Y
2025-09-10 16:17:37,788 - INFO - Data sorted by date. Range: 2000-01-03 00:00:00 to 2025-09-03 00:00:00
2025-09-10 16:17:37,788 - INFO - Final data shape: (6456, 2)
2025-09-10 16:17:50,692 - ERROR - Backtest error: Backtest cancelled
2025-09-10 16:17:50,708 - ERROR - Backtest error: Backtest cancelled
2025-09-10 16:18:04,568 - INFO - Starting Trading Strategy Analysis Tool
2025-09-10 16:18:35,535 - INFO - Starting backtest execution
2025-09-10 16:18:35,537 - INFO - Starting backtest
2025-09-10 16:18:35,537 - INFO - Reading CSV file with smart detection: C:/Users/Kcrow/OneDrive/Documents/SPY Buy Sell Strategy Analysis/SPY Price History.csv
2025-09-10 16:18:35,540 - INFO - Detected structure: delimiter=',', has_header=False, confidence=60.0%
2025-09-10 16:18:35,546 - INFO - Sample data shape: (20, 2)
2025-09-10 16:18:35,546 - INFO - Sample columns: [0, 1]
2025-09-10 16:18:35,546 - INFO - No headers detected, using positional mapping
2025-09-10 16:18:35,548 - INFO - Date column name from mapping: 0
2025-09-10 16:18:35,548 - INFO - Sample DF columns: [0, 1]
2025-09-10 16:18:35,549 - INFO - Extracted 20 date samples: ['3/01/2000', '4/01/2000', '5/01/2000', '6/01/2000', '7/01/2000']
2025-09-10 16:18:35,549 - INFO - Detected date format: %d/%m/%Y (confidence: 100.0%)
2025-09-10 16:18:35,549 - INFO - Overall detection confidence: 84.0%
2025-09-10 16:18:35,555 - INFO - Successfully read CSV with shape: (6456, 2)
2025-09-10 16:18:35,555 - INFO - Before column mapping - columns: [0, 1]
2025-09-10 16:18:35,555 - INFO - Column mapping check: Date=0, Price=1
2025-09-10 16:18:35,556 - INFO - Assigned positional column names: [0, 1] -> ['Date', 'Price']
2025-09-10 16:18:35,556 - INFO - After column mapping - columns: ['Date', 'Price']
2025-09-10 16:18:35,561 - INFO - Price column cleaned: [145.44, 139.75, 140.0, 137.75, 145.75]
2025-09-10 16:18:35,571 - INFO - Date conversion successful with detected format: %d/%m/%Y
2025-09-10 16:18:35,571 - INFO - Data sorted by date. Range: 2000-01-03 00:00:00 to 2025-09-03 00:00:00
2025-09-10 16:18:35,571 - INFO - Final data shape: (6456, 2)
2025-09-10 16:19:30,528 - INFO - Backtest completed with 816 results
2025-09-10 16:21:56,372 - INFO - Starting Trading Strategy Analysis Tool
2025-09-10 16:22:12,408 - INFO - Reading CSV file with smart detection: C:/Users/Kcrow/OneDrive/Documents/SPY Buy Sell Strategy Analysis/SPY Price History.csv
2025-09-10 16:22:12,414 - INFO - Detected structure: delimiter=',', has_header=False, confidence=60.0%
2025-09-10 16:22:12,422 - INFO - Sample data shape: (20, 2)
2025-09-10 16:22:12,423 - INFO - Sample columns: [0, 1]
2025-09-10 16:22:12,423 - INFO - No headers detected, using positional mapping
2025-09-10 16:22:12,423 - INFO - Date column name from mapping: 0
2025-09-10 16:22:12,423 - INFO - Sample DF columns: [0, 1]
2025-09-10 16:22:12,424 - INFO - Extracted 20 date samples: ['3/01/2000', '4/01/2000', '5/01/2000', '6/01/2000', '7/01/2000']
2025-09-10 16:22:12,425 - INFO - Detected date format: %d/%m/%Y (confidence: 100.0%)
2025-09-10 16:22:12,425 - INFO - Overall detection confidence: 84.0%
2025-09-10 16:22:12,434 - INFO - Successfully read CSV with shape: (6456, 2)
2025-09-10 16:22:12,435 - INFO - Before column mapping - columns: [0, 1]
2025-09-10 16:22:12,435 - INFO - Column mapping check: Date=0, Price=1
2025-09-10 16:22:12,436 - INFO - Assigned positional column names: [0, 1] -> ['Date', 'Price']
2025-09-10 16:22:12,436 - INFO - After column mapping - columns: ['Date', 'Price']
2025-09-10 16:22:12,439 - INFO - Price column cleaned: [145.44, 139.75, 140.0, 137.75, 145.75]
2025-09-10 16:22:12,451 - INFO - Date conversion successful with detected format: %d/%m/%Y
2025-09-10 16:22:12,456 - INFO - Data sorted by date. Range: 2000-01-03 00:00:00 to 2025-09-03 00:00:00
2025-09-10 16:22:12,456 - INFO - Final data shape: (6456, 2)
2025-09-10 16:22:16,641 - INFO - Starting backtest execution
2025-09-10 16:22:16,649 - INFO - Starting backtest
2025-09-10 16:22:16,649 - INFO - Reading CSV file with smart detection: C:/Users/Kcrow/OneDrive/Documents/SPY Buy Sell Strategy Analysis/SPY Price History.csv
2025-09-10 16:22:16,651 - INFO - Detected structure: delimiter=',', has_header=False, confidence=60.0%
2025-09-10 16:22:16,654 - INFO - Sample data shape: (20, 2)
2025-09-10 16:22:16,655 - INFO - Sample columns: [0, 1]
2025-09-10 16:22:16,655 - INFO - No headers detected, using positional mapping
2025-09-10 16:22:16,655 - INFO - Date column name from mapping: 0
2025-09-10 16:22:16,655 - INFO - Sample DF columns: [0, 1]
2025-09-10 16:22:16,655 - INFO - Extracted 20 date samples: ['3/01/2000', '4/01/2000', '5/01/2000', '6/01/2000', '7/01/2000']
2025-09-10 16:22:16,656 - INFO - Detected date format: %d/%m/%Y (confidence: 100.0%)
2025-09-10 16:22:16,656 - INFO - Overall detection confidence: 84.0%
2025-09-10 16:22:16,662 - INFO - Successfully read CSV with shape: (6456, 2)
2025-09-10 16:22:16,662 - INFO - Before column mapping - columns: [0, 1]
2025-09-10 16:22:16,662 - INFO - Column mapping check: Date=0, Price=1
2025-09-10 16:22:16,662 - INFO - Assigned positional column names: [0, 1] -> ['Date', 'Price']
2025-09-10 16:22:16,662 - INFO - After column mapping - columns: ['Date', 'Price']
2025-09-10 16:22:16,668 - INFO - Price column cleaned: [145.44, 139.75, 140.0, 137.75, 145.75]
2025-09-10 16:22:16,676 - INFO - Date conversion successful with detected format: %d/%m/%Y
2025-09-10 16:22:16,677 - INFO - Data sorted by date. Range: 2000-01-03 00:00:00 to 2025-09-03 00:00:00
2025-09-10 16:22:16,678 - INFO - Final data shape: (6456, 2)
2025-09-10 16:23:00,743 - ERROR - Backtest error: Backtest cancelled
2025-09-10 17:06:12,721 - INFO - Starting Trading Strategy Analysis Tool
2025-09-10 17:06:30,722 - INFO - Reading CSV file with smart detection: C:/Users/Kcrow/OneDrive/Documents/SPY Buy Sell Strategy Analysis/SPY Price History.csv
2025-09-10 17:06:30,725 - INFO - Detected structure: delimiter=',', has_header=False, confidence=60.0%
2025-09-10 17:06:30,729 - INFO - Sample data shape: (20, 2)
2025-09-10 17:06:30,729 - INFO - Sample columns: [0, 1]
2025-09-10 17:06:30,729 - INFO - No headers detected, using positional mapping
2025-09-10 17:06:30,729 - INFO - Date column name from mapping: 0
2025-09-10 17:06:30,729 - INFO - Sample DF columns: [0, 1]
2025-09-10 17:06:30,729 - INFO - Extracted 20 date samples: ['3/01/2000', '4/01/2000', '5/01/2000', '6/01/2000', '7/01/2000']
2025-09-10 17:06:30,733 - INFO - Detected date format: %d/%m/%Y (confidence: 100.0%)
2025-09-10 17:06:30,733 - INFO - Overall detection confidence: 84.0%
2025-09-10 17:06:30,740 - INFO - Successfully read CSV with shape: (6456, 2)
2025-09-10 17:06:30,740 - INFO - Before column mapping - columns: [0, 1]
2025-09-10 17:06:30,741 - INFO - Column mapping check: Date=0, Price=1
2025-09-10 17:06:30,741 - INFO - Assigned positional column names: [0, 1] -> ['Date', 'Price']
2025-09-10 17:06:30,741 - INFO - After column mapping - columns: ['Date', 'Price']
2025-09-10 17:06:30,746 - INFO - Price column cleaned: [145.44, 139.75, 140.0, 137.75, 145.75]
2025-09-10 17:06:30,755 - INFO - Date conversion successful with detected format: %d/%m/%Y
2025-09-10 17:06:30,756 - INFO - Data sorted by date. Range: 2000-01-03 00:00:00 to 2025-09-03 00:00:00
2025-09-10 17:06:30,756 - INFO - Final data shape: (6456, 2)
2025-09-10 17:06:41,790 - INFO - Starting backtest execution
2025-09-10 17:06:41,795 - INFO - Starting backtest
2025-09-10 17:06:41,795 - INFO - Reading CSV file with smart detection: C:/Users/Kcrow/OneDrive/Documents/SPY Buy Sell Strategy Analysis/SPY Price History.csv
2025-09-10 17:06:41,798 - INFO - Detected structure: delimiter=',', has_header=False, confidence=60.0%
2025-09-10 17:06:41,802 - INFO - Sample data shape: (20, 2)
2025-09-10 17:06:41,802 - INFO - Sample columns: [0, 1]
2025-09-10 17:06:41,802 - INFO - No headers detected, using positional mapping
2025-09-10 17:06:41,803 - INFO - Date column name from mapping: 0
2025-09-10 17:06:41,803 - INFO - Sample DF columns: [0, 1]
2025-09-10 17:06:41,803 - INFO - Extracted 20 date samples: ['3/01/2000', '4/01/2000', '5/01/2000', '6/01/2000', '7/01/2000']
2025-09-10 17:06:41,804 - INFO - Detected date format: %d/%m/%Y (confidence: 100.0%)
2025-09-10 17:06:41,804 - INFO - Overall detection confidence: 84.0%
2025-09-10 17:06:41,810 - INFO - Successfully read CSV with shape: (6456, 2)
2025-09-10 17:06:41,810 - INFO - Before column mapping - columns: [0, 1]
2025-09-10 17:06:41,810 - INFO - Column mapping check: Date=0, Price=1
2025-09-10 17:06:41,811 - INFO - Assigned positional column names: [0, 1] -> ['Date', 'Price']
2025-09-10 17:06:41,811 - INFO - After column mapping - columns: ['Date', 'Price']
2025-09-10 17:06:41,813 - INFO - Price column cleaned: [145.44, 139.75, 140.0, 137.75, 145.75]
2025-09-10 17:06:41,819 - INFO - Date conversion successful with detected format: %d/%m/%Y
2025-09-10 17:06:41,825 - INFO - Data sorted by date. Range: 2000-01-03 00:00:00 to 2025-09-03 00:00:00
2025-09-10 17:06:41,825 - INFO - Final data shape: (6456, 2)
2025-09-10 17:07:48,176 - INFO - Backtest completed with 816 results
2025-09-10 17:08:34,598 - INFO - Starting backtest execution
2025-09-10 17:08:34,598 - INFO - Starting backtest
2025-09-10 17:08:34,598 - INFO - Reading CSV file with smart detection: C:/Users/Kcrow/OneDrive/Documents/SPY Buy Sell Strategy Analysis/SPY Price History.csv
2025-09-10 17:08:34,602 - INFO - Detected structure: delimiter=',', has_header=False, confidence=60.0%
2025-09-10 17:08:34,605 - INFO - Sample data shape: (20, 2)
2025-09-10 17:08:34,605 - INFO - Sample columns: [0, 1]
2025-09-10 17:08:34,605 - INFO - No headers detected, using positional mapping
2025-09-10 17:08:34,605 - INFO - Date column name from mapping: 0
2025-09-10 17:08:34,605 - INFO - Sample DF columns: [0, 1]
2025-09-10 17:08:34,605 - INFO - Extracted 20 date samples: ['3/01/2000', '4/01/2000', '5/01/2000', '6/01/2000', '7/01/2000']
2025-09-10 17:08:34,605 - INFO - Detected date format: %d/%m/%Y (confidence: 100.0%)
2025-09-10 17:08:34,605 - INFO - Overall detection confidence: 84.0%
2025-09-10 17:08:34,611 - INFO - Successfully read CSV with shape: (6456, 2)
2025-09-10 17:08:34,612 - INFO - Before column mapping - columns: [0, 1]
2025-09-10 17:08:34,612 - INFO - Column mapping check: Date=0, Price=1
2025-09-10 17:08:34,612 - INFO - Assigned positional column names: [0, 1] -> ['Date', 'Price']
2025-09-10 17:08:34,612 - INFO - After column mapping - columns: ['Date', 'Price']
2025-09-10 17:08:34,617 - INFO - Price column cleaned: [145.44, 139.75, 140.0, 137.75, 145.75]
2025-09-10 17:08:34,625 - INFO - Date conversion successful with detected format: %d/%m/%Y
2025-09-10 17:08:34,627 - INFO - Data sorted by date. Range: 2000-01-03 00:00:00 to 2025-09-03 00:00:00
2025-09-10 17:08:34,627 - INFO - Final data shape: (6456, 2)
2025-09-10 17:08:36,075 - ERROR - Backtest error: Backtest cancelled
